[2017-04-09T11:59:33,830][INFO ][o.e.n.Node               ] [] initializing ...
[2017-04-09T11:59:35,201][INFO ][o.e.e.NodeEnvironment    ] [XLsE7TG] using [1] data paths, mounts [[(C:)]], net usable_space [10.6gb], net total_space [80.1gb], spins? [unknown], types [NTFS]
[2017-04-09T11:59:35,203][INFO ][o.e.e.NodeEnvironment    ] [XLsE7TG] heap size [494.9mb], compressed ordinary object pointers [unknown]
[2017-04-09T11:59:35,211][INFO ][o.e.n.Node               ] node name [XLsE7TG] derived from node ID [XLsE7TGkTGaQGDHUHQK5Og]; set [node.name] to override
[2017-04-09T11:59:35,212][INFO ][o.e.n.Node               ] version[5.3.0], pid[1068], build[3adb13b/2017-03-23T03:31:50.652Z], OS[Windows 7/6.1/x86], JVM[Oracle Corporation/Java HotSpot(TM) Client VM/1.8.0_121/25.121-b13]
[2017-04-09T11:59:41,562][INFO ][o.e.p.PluginsService     ] [XLsE7TG] loaded module [aggs-matrix-stats]
[2017-04-09T11:59:41,563][INFO ][o.e.p.PluginsService     ] [XLsE7TG] loaded module [ingest-common]
[2017-04-09T11:59:41,563][INFO ][o.e.p.PluginsService     ] [XLsE7TG] loaded module [lang-expression]
[2017-04-09T11:59:41,563][INFO ][o.e.p.PluginsService     ] [XLsE7TG] loaded module [lang-groovy]
[2017-04-09T11:59:41,564][INFO ][o.e.p.PluginsService     ] [XLsE7TG] loaded module [lang-mustache]
[2017-04-09T11:59:41,565][INFO ][o.e.p.PluginsService     ] [XLsE7TG] loaded module [lang-painless]
[2017-04-09T11:59:41,565][INFO ][o.e.p.PluginsService     ] [XLsE7TG] loaded module [percolator]
[2017-04-09T11:59:41,566][INFO ][o.e.p.PluginsService     ] [XLsE7TG] loaded module [reindex]
[2017-04-09T11:59:41,567][INFO ][o.e.p.PluginsService     ] [XLsE7TG] loaded module [transport-netty3]
[2017-04-09T11:59:41,567][INFO ][o.e.p.PluginsService     ] [XLsE7TG] loaded module [transport-netty4]
[2017-04-09T11:59:41,568][INFO ][o.e.p.PluginsService     ] [XLsE7TG] no plugins loaded
[2017-04-09T11:59:54,699][INFO ][o.e.n.Node               ] initialized
[2017-04-09T11:59:54,700][INFO ][o.e.n.Node               ] [XLsE7TG] starting ...
[2017-04-09T11:59:57,068][INFO ][o.e.t.TransportService   ] [XLsE7TG] publish_address {127.0.0.1:9300}, bound_addresses {127.0.0.1:9300}, {[::1]:9300}
[2017-04-09T11:59:57,077][WARN ][o.e.b.BootstrapChecks    ] [XLsE7TG] JVM is using the client VM [Java HotSpot(TM) Client VM] but should be using a server VM for the best performance
[2017-04-09T12:00:00,486][INFO ][o.e.c.s.ClusterService   ] [XLsE7TG] new_master {XLsE7TG}{XLsE7TGkTGaQGDHUHQK5Og}{u_VtmAowTUCPw3NApajD3w}{127.0.0.1}{127.0.0.1:9300}, reason: zen-disco-elected-as-master ([0] nodes joined)
[2017-04-09T12:00:00,691][INFO ][o.e.g.GatewayService     ] [XLsE7TG] recovered [0] indices into cluster_state
[2017-04-09T12:00:01,329][INFO ][o.e.h.n.Netty4HttpServerTransport] [XLsE7TG] publish_address {127.0.0.1:9200}, bound_addresses {127.0.0.1:9200}, {[::1]:9200}
[2017-04-09T12:00:01,379][INFO ][o.e.n.Node               ] [XLsE7TG] started
[2017-04-09T12:00:30,549][INFO ][o.e.c.r.a.DiskThresholdMonitor] [XLsE7TG] low disk watermark [85%] exceeded on [XLsE7TGkTGaQGDHUHQK5Og][XLsE7TG][C:\eduair\elasticsearch\data\nodes\0] free: 10.6gb[13.2%], replicas will not be assigned to this node
[2017-04-09T12:01:00,548][INFO ][o.e.c.r.a.DiskThresholdMonitor] [XLsE7TG] low disk watermark [85%] exceeded on [XLsE7TGkTGaQGDHUHQK5Og][XLsE7TG][C:\eduair\elasticsearch\data\nodes\0] free: 10.6gb[13.2%], replicas will not be assigned to this node
[2017-04-09T12:01:30,546][INFO ][o.e.c.r.a.DiskThresholdMonitor] [XLsE7TG] low disk watermark [85%] exceeded on [XLsE7TGkTGaQGDHUHQK5Og][XLsE7TG][C:\eduair\elasticsearch\data\nodes\0] free: 10.6gb[13.2%], replicas will not be assigned to this node
[2017-04-09T12:02:00,546][INFO ][o.e.c.r.a.DiskThresholdMonitor] [XLsE7TG] low disk watermark [85%] exceeded on [XLsE7TGkTGaQGDHUHQK5Og][XLsE7TG][C:\eduair\elasticsearch\data\nodes\0] free: 10.6gb[13.2%], replicas will not be assigned to this node
[2017-04-09T12:02:30,550][INFO ][o.e.c.r.a.DiskThresholdMonitor] [XLsE7TG] low disk watermark [85%] exceeded on [XLsE7TGkTGaQGDHUHQK5Og][XLsE7TG][C:\eduair\elasticsearch\data\nodes\0] free: 10.6gb[13.2%], replicas will not be assigned to this node
[2017-04-09T12:03:00,545][INFO ][o.e.c.r.a.DiskThresholdMonitor] [XLsE7TG] low disk watermark [85%] exceeded on [XLsE7TGkTGaQGDHUHQK5Og][XLsE7TG][C:\eduair\elasticsearch\data\nodes\0] free: 10.6gb[13.2%], replicas will not be assigned to this node
[2017-04-09T12:03:30,545][INFO ][o.e.c.r.a.DiskThresholdMonitor] [XLsE7TG] low disk watermark [85%] exceeded on [XLsE7TGkTGaQGDHUHQK5Og][XLsE7TG][C:\eduair\elasticsearch\data\nodes\0] free: 10.6gb[13.2%], replicas will not be assigned to this node
[2017-04-09T12:04:00,545][INFO ][o.e.c.r.a.DiskThresholdMonitor] [XLsE7TG] low disk watermark [85%] exceeded on [XLsE7TGkTGaQGDHUHQK5Og][XLsE7TG][C:\eduair\elasticsearch\data\nodes\0] free: 10.6gb[13.2%], replicas will not be assigned to this node
[2017-04-09T12:04:30,546][INFO ][o.e.c.r.a.DiskThresholdMonitor] [XLsE7TG] low disk watermark [85%] exceeded on [XLsE7TGkTGaQGDHUHQK5Og][XLsE7TG][C:\eduair\elasticsearch\data\nodes\0] free: 10.6gb[13.2%], replicas will not be assigned to this node
[2017-04-09T12:05:00,543][INFO ][o.e.c.r.a.DiskThresholdMonitor] [XLsE7TG] low disk watermark [85%] exceeded on [XLsE7TGkTGaQGDHUHQK5Og][XLsE7TG][C:\eduair\elasticsearch\data\nodes\0] free: 10.6gb[13.2%], replicas will not be assigned to this node
[2017-04-09T12:05:30,543][INFO ][o.e.c.r.a.DiskThresholdMonitor] [XLsE7TG] low disk watermark [85%] exceeded on [XLsE7TGkTGaQGDHUHQK5Og][XLsE7TG][C:\eduair\elasticsearch\data\nodes\0] free: 10.6gb[13.2%], replicas will not be assigned to this node
[2017-04-09T12:06:00,542][INFO ][o.e.c.r.a.DiskThresholdMonitor] [XLsE7TG] low disk watermark [85%] exceeded on [XLsE7TGkTGaQGDHUHQK5Og][XLsE7TG][C:\eduair\elasticsearch\data\nodes\0] free: 10.6gb[13.2%], replicas will not be assigned to this node
[2017-04-09T12:06:30,541][INFO ][o.e.c.r.a.DiskThresholdMonitor] [XLsE7TG] low disk watermark [85%] exceeded on [XLsE7TGkTGaQGDHUHQK5Og][XLsE7TG][C:\eduair\elasticsearch\data\nodes\0] free: 10.6gb[13.2%], replicas will not be assigned to this node
[2017-04-09T12:07:00,543][INFO ][o.e.c.r.a.DiskThresholdMonitor] [XLsE7TG] low disk watermark [85%] exceeded on [XLsE7TGkTGaQGDHUHQK5Og][XLsE7TG][C:\eduair\elasticsearch\data\nodes\0] free: 10.6gb[13.2%], replicas will not be assigned to this node
[2017-04-09T12:07:30,528][INFO ][o.e.c.r.a.DiskThresholdMonitor] [XLsE7TG] low disk watermark [85%] exceeded on [XLsE7TGkTGaQGDHUHQK5Og][XLsE7TG][C:\eduair\elasticsearch\data\nodes\0] free: 10.6gb[13.2%], replicas will not be assigned to this node
[2017-04-09T12:08:00,529][INFO ][o.e.c.r.a.DiskThresholdMonitor] [XLsE7TG] low disk watermark [85%] exceeded on [XLsE7TGkTGaQGDHUHQK5Og][XLsE7TG][C:\eduair\elasticsearch\data\nodes\0] free: 10.6gb[13.2%], replicas will not be assigned to this node
[2017-04-09T12:08:30,525][INFO ][o.e.c.r.a.DiskThresholdMonitor] [XLsE7TG] low disk watermark [85%] exceeded on [XLsE7TGkTGaQGDHUHQK5Og][XLsE7TG][C:\eduair\elasticsearch\data\nodes\0] free: 10.6gb[13.2%], replicas will not be assigned to this node
[2017-04-09T12:09:00,526][INFO ][o.e.c.r.a.DiskThresholdMonitor] [XLsE7TG] low disk watermark [85%] exceeded on [XLsE7TGkTGaQGDHUHQK5Og][XLsE7TG][C:\eduair\elasticsearch\data\nodes\0] free: 10.6gb[13.2%], replicas will not be assigned to this node
[2017-04-09T12:09:30,525][INFO ][o.e.c.r.a.DiskThresholdMonitor] [XLsE7TG] low disk watermark [85%] exceeded on [XLsE7TGkTGaQGDHUHQK5Og][XLsE7TG][C:\eduair\elasticsearch\data\nodes\0] free: 10.6gb[13.2%], replicas will not be assigned to this node
[2017-04-09T12:10:00,522][INFO ][o.e.c.r.a.DiskThresholdMonitor] [XLsE7TG] low disk watermark [85%] exceeded on [XLsE7TGkTGaQGDHUHQK5Og][XLsE7TG][C:\eduair\elasticsearch\data\nodes\0] free: 10.6gb[13.2%], replicas will not be assigned to this node
[2017-04-09T12:10:30,522][INFO ][o.e.c.r.a.DiskThresholdMonitor] [XLsE7TG] low disk watermark [85%] exceeded on [XLsE7TGkTGaQGDHUHQK5Og][XLsE7TG][C:\eduair\elasticsearch\data\nodes\0] free: 10.6gb[13.2%], replicas will not be assigned to this node
[2017-04-09T12:11:00,518][INFO ][o.e.c.r.a.DiskThresholdMonitor] [XLsE7TG] low disk watermark [85%] exceeded on [XLsE7TGkTGaQGDHUHQK5Og][XLsE7TG][C:\eduair\elasticsearch\data\nodes\0] free: 10.6gb[13.2%], replicas will not be assigned to this node
[2017-04-09T12:11:30,519][INFO ][o.e.c.r.a.DiskThresholdMonitor] [XLsE7TG] low disk watermark [85%] exceeded on [XLsE7TGkTGaQGDHUHQK5Og][XLsE7TG][C:\eduair\elasticsearch\data\nodes\0] free: 10.6gb[13.2%], replicas will not be assigned to this node
[2017-04-09T12:12:00,516][INFO ][o.e.c.r.a.DiskThresholdMonitor] [XLsE7TG] low disk watermark [85%] exceeded on [XLsE7TGkTGaQGDHUHQK5Og][XLsE7TG][C:\eduair\elasticsearch\data\nodes\0] free: 10.6gb[13.2%], replicas will not be assigned to this node
[2017-04-09T12:12:30,517][INFO ][o.e.c.r.a.DiskThresholdMonitor] [XLsE7TG] low disk watermark [85%] exceeded on [XLsE7TGkTGaQGDHUHQK5Og][XLsE7TG][C:\eduair\elasticsearch\data\nodes\0] free: 10.6gb[13.2%], replicas will not be assigned to this node
[2017-04-09T12:13:00,520][INFO ][o.e.c.r.a.DiskThresholdMonitor] [XLsE7TG] low disk watermark [85%] exceeded on [XLsE7TGkTGaQGDHUHQK5Og][XLsE7TG][C:\eduair\elasticsearch\data\nodes\0] free: 10.6gb[13.2%], replicas will not be assigned to this node
[2017-04-09T12:13:30,516][INFO ][o.e.c.r.a.DiskThresholdMonitor] [XLsE7TG] low disk watermark [85%] exceeded on [XLsE7TGkTGaQGDHUHQK5Og][XLsE7TG][C:\eduair\elasticsearch\data\nodes\0] free: 10.6gb[13.2%], replicas will not be assigned to this node
[2017-04-09T12:14:00,516][INFO ][o.e.c.r.a.DiskThresholdMonitor] [XLsE7TG] low disk watermark [85%] exceeded on [XLsE7TGkTGaQGDHUHQK5Og][XLsE7TG][C:\eduair\elasticsearch\data\nodes\0] free: 10.6gb[13.2%], replicas will not be assigned to this node
[2017-04-09T12:14:30,513][INFO ][o.e.c.r.a.DiskThresholdMonitor] [XLsE7TG] low disk watermark [85%] exceeded on [XLsE7TGkTGaQGDHUHQK5Og][XLsE7TG][C:\eduair\elasticsearch\data\nodes\0] free: 10.6gb[13.2%], replicas will not be assigned to this node
[2017-04-09T12:15:00,512][INFO ][o.e.c.r.a.DiskThresholdMonitor] [XLsE7TG] low disk watermark [85%] exceeded on [XLsE7TGkTGaQGDHUHQK5Og][XLsE7TG][C:\eduair\elasticsearch\data\nodes\0] free: 10.6gb[13.2%], replicas will not be assigned to this node
[2017-04-09T12:15:30,508][INFO ][o.e.c.r.a.DiskThresholdMonitor] [XLsE7TG] low disk watermark [85%] exceeded on [XLsE7TGkTGaQGDHUHQK5Og][XLsE7TG][C:\eduair\elasticsearch\data\nodes\0] free: 10.6gb[13.2%], replicas will not be assigned to this node
[2017-04-09T12:16:00,509][INFO ][o.e.c.r.a.DiskThresholdMonitor] [XLsE7TG] low disk watermark [85%] exceeded on [XLsE7TGkTGaQGDHUHQK5Og][XLsE7TG][C:\eduair\elasticsearch\data\nodes\0] free: 10.6gb[13.2%], replicas will not be assigned to this node
[2017-04-09T12:16:30,507][INFO ][o.e.c.r.a.DiskThresholdMonitor] [XLsE7TG] low disk watermark [85%] exceeded on [XLsE7TGkTGaQGDHUHQK5Og][XLsE7TG][C:\eduair\elasticsearch\data\nodes\0] free: 10.6gb[13.2%], replicas will not be assigned to this node
[2017-04-09T12:17:00,505][INFO ][o.e.c.r.a.DiskThresholdMonitor] [XLsE7TG] low disk watermark [85%] exceeded on [XLsE7TGkTGaQGDHUHQK5Og][XLsE7TG][C:\eduair\elasticsearch\data\nodes\0] free: 10.6gb[13.2%], replicas will not be assigned to this node
[2017-04-09T12:17:30,508][INFO ][o.e.c.r.a.DiskThresholdMonitor] [XLsE7TG] low disk watermark [85%] exceeded on [XLsE7TGkTGaQGDHUHQK5Og][XLsE7TG][C:\eduair\elasticsearch\data\nodes\0] free: 10.6gb[13.2%], replicas will not be assigned to this node
[2017-04-09T12:18:00,511][INFO ][o.e.c.r.a.DiskThresholdMonitor] [XLsE7TG] low disk watermark [85%] exceeded on [XLsE7TGkTGaQGDHUHQK5Og][XLsE7TG][C:\eduair\elasticsearch\data\nodes\0] free: 10.6gb[13.2%], replicas will not be assigned to this node
[2017-04-09T12:18:30,510][INFO ][o.e.c.r.a.DiskThresholdMonitor] [XLsE7TG] low disk watermark [85%] exceeded on [XLsE7TGkTGaQGDHUHQK5Og][XLsE7TG][C:\eduair\elasticsearch\data\nodes\0] free: 10.6gb[13.2%], replicas will not be assigned to this node
[2017-04-09T12:19:00,510][INFO ][o.e.c.r.a.DiskThresholdMonitor] [XLsE7TG] low disk watermark [85%] exceeded on [XLsE7TGkTGaQGDHUHQK5Og][XLsE7TG][C:\eduair\elasticsearch\data\nodes\0] free: 10.6gb[13.2%], replicas will not be assigned to this node
[2017-04-09T12:19:30,507][INFO ][o.e.c.r.a.DiskThresholdMonitor] [XLsE7TG] low disk watermark [85%] exceeded on [XLsE7TGkTGaQGDHUHQK5Og][XLsE7TG][C:\eduair\elasticsearch\data\nodes\0] free: 10.6gb[13.2%], replicas will not be assigned to this node
[2017-04-09T12:20:00,508][INFO ][o.e.c.r.a.DiskThresholdMonitor] [XLsE7TG] low disk watermark [85%] exceeded on [XLsE7TGkTGaQGDHUHQK5Og][XLsE7TG][C:\eduair\elasticsearch\data\nodes\0] free: 10.6gb[13.2%], replicas will not be assigned to this node
[2017-04-09T12:20:30,505][INFO ][o.e.c.r.a.DiskThresholdMonitor] [XLsE7TG] low disk watermark [85%] exceeded on [XLsE7TGkTGaQGDHUHQK5Og][XLsE7TG][C:\eduair\elasticsearch\data\nodes\0] free: 10.6gb[13.2%], replicas will not be assigned to this node
[2017-04-09T12:21:00,505][INFO ][o.e.c.r.a.DiskThresholdMonitor] [XLsE7TG] low disk watermark [85%] exceeded on [XLsE7TGkTGaQGDHUHQK5Og][XLsE7TG][C:\eduair\elasticsearch\data\nodes\0] free: 10.6gb[13.2%], replicas will not be assigned to this node
[2017-04-09T12:21:30,506][INFO ][o.e.c.r.a.DiskThresholdMonitor] [XLsE7TG] low disk watermark [85%] exceeded on [XLsE7TGkTGaQGDHUHQK5Og][XLsE7TG][C:\eduair\elasticsearch\data\nodes\0] free: 10.6gb[13.2%], replicas will not be assigned to this node
[2017-04-09T12:22:00,509][INFO ][o.e.c.r.a.DiskThresholdMonitor] [XLsE7TG] low disk watermark [85%] exceeded on [XLsE7TGkTGaQGDHUHQK5Og][XLsE7TG][C:\eduair\elasticsearch\data\nodes\0] free: 10.6gb[13.2%], replicas will not be assigned to this node
[2017-04-09T12:22:30,506][INFO ][o.e.c.r.a.DiskThresholdMonitor] [XLsE7TG] low disk watermark [85%] exceeded on [XLsE7TGkTGaQGDHUHQK5Og][XLsE7TG][C:\eduair\elasticsearch\data\nodes\0] free: 10.6gb[13.2%], replicas will not be assigned to this node
[2017-04-09T12:23:00,506][INFO ][o.e.c.r.a.DiskThresholdMonitor] [XLsE7TG] low disk watermark [85%] exceeded on [XLsE7TGkTGaQGDHUHQK5Og][XLsE7TG][C:\eduair\elasticsearch\data\nodes\0] free: 10.6gb[13.2%], replicas will not be assigned to this node
[2017-04-09T12:23:30,504][INFO ][o.e.c.r.a.DiskThresholdMonitor] [XLsE7TG] low disk watermark [85%] exceeded on [XLsE7TGkTGaQGDHUHQK5Og][XLsE7TG][C:\eduair\elasticsearch\data\nodes\0] free: 10.6gb[13.2%], replicas will not be assigned to this node
[2017-04-09T12:24:00,504][INFO ][o.e.c.r.a.DiskThresholdMonitor] [XLsE7TG] low disk watermark [85%] exceeded on [XLsE7TGkTGaQGDHUHQK5Og][XLsE7TG][C:\eduair\elasticsearch\data\nodes\0] free: 10.6gb[13.2%], replicas will not be assigned to this node
[2017-04-09T12:24:30,501][INFO ][o.e.c.r.a.DiskThresholdMonitor] [XLsE7TG] low disk watermark [85%] exceeded on [XLsE7TGkTGaQGDHUHQK5Og][XLsE7TG][C:\eduair\elasticsearch\data\nodes\0] free: 10.6gb[13.2%], replicas will not be assigned to this node
[2017-04-09T12:25:00,501][INFO ][o.e.c.r.a.DiskThresholdMonitor] [XLsE7TG] low disk watermark [85%] exceeded on [XLsE7TGkTGaQGDHUHQK5Og][XLsE7TG][C:\eduair\elasticsearch\data\nodes\0] free: 10.6gb[13.2%], replicas will not be assigned to this node
[2017-04-09T12:25:30,501][INFO ][o.e.c.r.a.DiskThresholdMonitor] [XLsE7TG] low disk watermark [85%] exceeded on [XLsE7TGkTGaQGDHUHQK5Og][XLsE7TG][C:\eduair\elasticsearch\data\nodes\0] free: 10.6gb[13.2%], replicas will not be assigned to this node
[2017-04-09T12:26:00,497][INFO ][o.e.c.r.a.DiskThresholdMonitor] [XLsE7TG] low disk watermark [85%] exceeded on [XLsE7TGkTGaQGDHUHQK5Og][XLsE7TG][C:\eduair\elasticsearch\data\nodes\0] free: 10.6gb[13.2%], replicas will not be assigned to this node
[2017-04-09T12:26:30,503][INFO ][o.e.c.r.a.DiskThresholdMonitor] [XLsE7TG] low disk watermark [85%] exceeded on [XLsE7TGkTGaQGDHUHQK5Og][XLsE7TG][C:\eduair\elasticsearch\data\nodes\0] free: 10.6gb[13.2%], replicas will not be assigned to this node
[2017-04-09T12:27:00,504][INFO ][o.e.c.r.a.DiskThresholdMonitor] [XLsE7TG] low disk watermark [85%] exceeded on [XLsE7TGkTGaQGDHUHQK5Og][XLsE7TG][C:\eduair\elasticsearch\data\nodes\0] free: 10.6gb[13.2%], replicas will not be assigned to this node
[2017-04-09T12:27:30,501][INFO ][o.e.c.r.a.DiskThresholdMonitor] [XLsE7TG] low disk watermark [85%] exceeded on [XLsE7TGkTGaQGDHUHQK5Og][XLsE7TG][C:\eduair\elasticsearch\data\nodes\0] free: 10.6gb[13.2%], replicas will not be assigned to this node
[2017-04-09T12:28:00,500][INFO ][o.e.c.r.a.DiskThresholdMonitor] [XLsE7TG] low disk watermark [85%] exceeded on [XLsE7TGkTGaQGDHUHQK5Og][XLsE7TG][C:\eduair\elasticsearch\data\nodes\0] free: 10.6gb[13.2%], replicas will not be assigned to this node
[2017-04-09T12:28:30,498][INFO ][o.e.c.r.a.DiskThresholdMonitor] [XLsE7TG] low disk watermark [85%] exceeded on [XLsE7TGkTGaQGDHUHQK5Og][XLsE7TG][C:\eduair\elasticsearch\data\nodes\0] free: 10.6gb[13.2%], replicas will not be assigned to this node
[2017-04-09T12:29:00,497][INFO ][o.e.c.r.a.DiskThresholdMonitor] [XLsE7TG] low disk watermark [85%] exceeded on [XLsE7TGkTGaQGDHUHQK5Og][XLsE7TG][C:\eduair\elasticsearch\data\nodes\0] free: 10.6gb[13.2%], replicas will not be assigned to this node
[2017-04-09T12:29:30,496][INFO ][o.e.c.r.a.DiskThresholdMonitor] [XLsE7TG] low disk watermark [85%] exceeded on [XLsE7TGkTGaQGDHUHQK5Og][XLsE7TG][C:\eduair\elasticsearch\data\nodes\0] free: 10.6gb[13.2%], replicas will not be assigned to this node
[2017-04-09T12:30:00,496][INFO ][o.e.c.r.a.DiskThresholdMonitor] [XLsE7TG] low disk watermark [85%] exceeded on [XLsE7TGkTGaQGDHUHQK5Og][XLsE7TG][C:\eduair\elasticsearch\data\nodes\0] free: 10.6gb[13.2%], replicas will not be assigned to this node
[2017-04-09T12:30:30,493][INFO ][o.e.c.r.a.DiskThresholdMonitor] [XLsE7TG] low disk watermark [85%] exceeded on [XLsE7TGkTGaQGDHUHQK5Og][XLsE7TG][C:\eduair\elasticsearch\data\nodes\0] free: 10.6gb[13.2%], replicas will not be assigned to this node
[2017-04-09T12:31:00,492][INFO ][o.e.c.r.a.DiskThresholdMonitor] [XLsE7TG] low disk watermark [85%] exceeded on [XLsE7TGkTGaQGDHUHQK5Og][XLsE7TG][C:\eduair\elasticsearch\data\nodes\0] free: 10.6gb[13.2%], replicas will not be assigned to this node
[2017-04-09T12:31:30,490][INFO ][o.e.c.r.a.DiskThresholdMonitor] [XLsE7TG] low disk watermark [85%] exceeded on [XLsE7TGkTGaQGDHUHQK5Og][XLsE7TG][C:\eduair\elasticsearch\data\nodes\0] free: 10.6gb[13.2%], replicas will not be assigned to this node
[2017-04-09T12:32:00,495][INFO ][o.e.c.r.a.DiskThresholdMonitor] [XLsE7TG] low disk watermark [85%] exceeded on [XLsE7TGkTGaQGDHUHQK5Og][XLsE7TG][C:\eduair\elasticsearch\data\nodes\0] free: 10.6gb[13.2%], replicas will not be assigned to this node
[2017-04-09T12:32:30,497][INFO ][o.e.c.r.a.DiskThresholdMonitor] [XLsE7TG] low disk watermark [85%] exceeded on [XLsE7TGkTGaQGDHUHQK5Og][XLsE7TG][C:\eduair\elasticsearch\data\nodes\0] free: 10.6gb[13.2%], replicas will not be assigned to this node
[2017-04-09T12:33:00,493][INFO ][o.e.c.r.a.DiskThresholdMonitor] [XLsE7TG] low disk watermark [85%] exceeded on [XLsE7TGkTGaQGDHUHQK5Og][XLsE7TG][C:\eduair\elasticsearch\data\nodes\0] free: 10.6gb[13.2%], replicas will not be assigned to this node
[2017-04-09T12:33:30,494][INFO ][o.e.c.r.a.DiskThresholdMonitor] [XLsE7TG] low disk watermark [85%] exceeded on [XLsE7TGkTGaQGDHUHQK5Og][XLsE7TG][C:\eduair\elasticsearch\data\nodes\0] free: 10.6gb[13.2%], replicas will not be assigned to this node
[2017-04-09T12:34:00,492][INFO ][o.e.c.r.a.DiskThresholdMonitor] [XLsE7TG] low disk watermark [85%] exceeded on [XLsE7TGkTGaQGDHUHQK5Og][XLsE7TG][C:\eduair\elasticsearch\data\nodes\0] free: 10.6gb[13.2%], replicas will not be assigned to this node
[2017-04-09T12:34:30,491][INFO ][o.e.c.r.a.DiskThresholdMonitor] [XLsE7TG] low disk watermark [85%] exceeded on [XLsE7TGkTGaQGDHUHQK5Og][XLsE7TG][C:\eduair\elasticsearch\data\nodes\0] free: 10.6gb[13.2%], replicas will not be assigned to this node
[2017-04-09T12:35:00,490][INFO ][o.e.c.r.a.DiskThresholdMonitor] [XLsE7TG] low disk watermark [85%] exceeded on [XLsE7TGkTGaQGDHUHQK5Og][XLsE7TG][C:\eduair\elasticsearch\data\nodes\0] free: 10.6gb[13.2%], replicas will not be assigned to this node
[2017-04-09T12:35:30,490][INFO ][o.e.c.r.a.DiskThresholdMonitor] [XLsE7TG] low disk watermark [85%] exceeded on [XLsE7TGkTGaQGDHUHQK5Og][XLsE7TG][C:\eduair\elasticsearch\data\nodes\0] free: 10.6gb[13.2%], replicas will not be assigned to this node
[2017-04-09T12:36:00,487][INFO ][o.e.c.r.a.DiskThresholdMonitor] [XLsE7TG] low disk watermark [85%] exceeded on [XLsE7TGkTGaQGDHUHQK5Og][XLsE7TG][C:\eduair\elasticsearch\data\nodes\0] free: 10.6gb[13.2%], replicas will not be assigned to this node
[2017-04-09T12:36:30,486][INFO ][o.e.c.r.a.DiskThresholdMonitor] [XLsE7TG] low disk watermark [85%] exceeded on [XLsE7TGkTGaQGDHUHQK5Og][XLsE7TG][C:\eduair\elasticsearch\data\nodes\0] free: 10.6gb[13.2%], replicas will not be assigned to this node
[2017-04-09T12:37:00,487][INFO ][o.e.c.r.a.DiskThresholdMonitor] [XLsE7TG] low disk watermark [85%] exceeded on [XLsE7TGkTGaQGDHUHQK5Og][XLsE7TG][C:\eduair\elasticsearch\data\nodes\0] free: 10.6gb[13.2%], replicas will not be assigned to this node
[2017-04-09T12:37:30,486][INFO ][o.e.c.r.a.DiskThresholdMonitor] [XLsE7TG] low disk watermark [85%] exceeded on [XLsE7TGkTGaQGDHUHQK5Og][XLsE7TG][C:\eduair\elasticsearch\data\nodes\0] free: 10.6gb[13.2%], replicas will not be assigned to this node
[2017-04-09T12:38:00,486][INFO ][o.e.c.r.a.DiskThresholdMonitor] [XLsE7TG] low disk watermark [85%] exceeded on [XLsE7TGkTGaQGDHUHQK5Og][XLsE7TG][C:\eduair\elasticsearch\data\nodes\0] free: 10.6gb[13.2%], replicas will not be assigned to this node
[2017-04-09T12:38:30,489][INFO ][o.e.c.r.a.DiskThresholdMonitor] [XLsE7TG] low disk watermark [85%] exceeded on [XLsE7TGkTGaQGDHUHQK5Og][XLsE7TG][C:\eduair\elasticsearch\data\nodes\0] free: 10.6gb[13.2%], replicas will not be assigned to this node
[2017-04-09T12:39:00,488][INFO ][o.e.c.r.a.DiskThresholdMonitor] [XLsE7TG] low disk watermark [85%] exceeded on [XLsE7TGkTGaQGDHUHQK5Og][XLsE7TG][C:\eduair\elasticsearch\data\nodes\0] free: 10.6gb[13.2%], replicas will not be assigned to this node
[2017-04-09T12:39:30,486][INFO ][o.e.c.r.a.DiskThresholdMonitor] [XLsE7TG] low disk watermark [85%] exceeded on [XLsE7TGkTGaQGDHUHQK5Og][XLsE7TG][C:\eduair\elasticsearch\data\nodes\0] free: 10.6gb[13.2%], replicas will not be assigned to this node
[2017-04-09T12:40:00,485][INFO ][o.e.c.r.a.DiskThresholdMonitor] [XLsE7TG] low disk watermark [85%] exceeded on [XLsE7TGkTGaQGDHUHQK5Og][XLsE7TG][C:\eduair\elasticsearch\data\nodes\0] free: 10.6gb[13.2%], replicas will not be assigned to this node
[2017-04-09T12:40:30,487][INFO ][o.e.c.r.a.DiskThresholdMonitor] [XLsE7TG] low disk watermark [85%] exceeded on [XLsE7TGkTGaQGDHUHQK5Og][XLsE7TG][C:\eduair\elasticsearch\data\nodes\0] free: 10.6gb[13.2%], replicas will not be assigned to this node
[2017-04-09T12:41:00,484][INFO ][o.e.c.r.a.DiskThresholdMonitor] [XLsE7TG] low disk watermark [85%] exceeded on [XLsE7TGkTGaQGDHUHQK5Og][XLsE7TG][C:\eduair\elasticsearch\data\nodes\0] free: 10.6gb[13.2%], replicas will not be assigned to this node
[2017-04-09T12:41:30,485][INFO ][o.e.c.r.a.DiskThresholdMonitor] [XLsE7TG] low disk watermark [85%] exceeded on [XLsE7TGkTGaQGDHUHQK5Og][XLsE7TG][C:\eduair\elasticsearch\data\nodes\0] free: 10.6gb[13.2%], replicas will not be assigned to this node
[2017-04-09T12:42:00,483][INFO ][o.e.c.r.a.DiskThresholdMonitor] [XLsE7TG] low disk watermark [85%] exceeded on [XLsE7TGkTGaQGDHUHQK5Og][XLsE7TG][C:\eduair\elasticsearch\data\nodes\0] free: 10.6gb[13.2%], replicas will not be assigned to this node
[2017-04-09T12:42:30,488][INFO ][o.e.c.r.a.DiskThresholdMonitor] [XLsE7TG] low disk watermark [85%] exceeded on [XLsE7TGkTGaQGDHUHQK5Og][XLsE7TG][C:\eduair\elasticsearch\data\nodes\0] free: 10.6gb[13.2%], replicas will not be assigned to this node
[2017-04-09T12:43:00,486][INFO ][o.e.c.r.a.DiskThresholdMonitor] [XLsE7TG] low disk watermark [85%] exceeded on [XLsE7TGkTGaQGDHUHQK5Og][XLsE7TG][C:\eduair\elasticsearch\data\nodes\0] free: 10.6gb[13.2%], replicas will not be assigned to this node
[2017-04-09T12:43:30,485][INFO ][o.e.c.r.a.DiskThresholdMonitor] [XLsE7TG] low disk watermark [85%] exceeded on [XLsE7TGkTGaQGDHUHQK5Og][XLsE7TG][C:\eduair\elasticsearch\data\nodes\0] free: 10.6gb[13.2%], replicas will not be assigned to this node
[2017-04-09T12:44:00,482][INFO ][o.e.c.r.a.DiskThresholdMonitor] [XLsE7TG] low disk watermark [85%] exceeded on [XLsE7TGkTGaQGDHUHQK5Og][XLsE7TG][C:\eduair\elasticsearch\data\nodes\0] free: 10.6gb[13.2%], replicas will not be assigned to this node
[2017-04-09T12:44:30,482][INFO ][o.e.c.r.a.DiskThresholdMonitor] [XLsE7TG] low disk watermark [85%] exceeded on [XLsE7TGkTGaQGDHUHQK5Og][XLsE7TG][C:\eduair\elasticsearch\data\nodes\0] free: 10.6gb[13.2%], replicas will not be assigned to this node
[2017-04-09T12:45:00,480][INFO ][o.e.c.r.a.DiskThresholdMonitor] [XLsE7TG] low disk watermark [85%] exceeded on [XLsE7TGkTGaQGDHUHQK5Og][XLsE7TG][C:\eduair\elasticsearch\data\nodes\0] free: 10.6gb[13.2%], replicas will not be assigned to this node
[2017-04-09T12:45:30,480][INFO ][o.e.c.r.a.DiskThresholdMonitor] [XLsE7TG] low disk watermark [85%] exceeded on [XLsE7TGkTGaQGDHUHQK5Og][XLsE7TG][C:\eduair\elasticsearch\data\nodes\0] free: 10.6gb[13.2%], replicas will not be assigned to this node
[2017-04-09T12:46:00,478][INFO ][o.e.c.r.a.DiskThresholdMonitor] [XLsE7TG] low disk watermark [85%] exceeded on [XLsE7TGkTGaQGDHUHQK5Og][XLsE7TG][C:\eduair\elasticsearch\data\nodes\0] free: 10.6gb[13.2%], replicas will not be assigned to this node
[2017-04-09T12:46:30,477][INFO ][o.e.c.r.a.DiskThresholdMonitor] [XLsE7TG] low disk watermark [85%] exceeded on [XLsE7TGkTGaQGDHUHQK5Og][XLsE7TG][C:\eduair\elasticsearch\data\nodes\0] free: 10.6gb[13.2%], replicas will not be assigned to this node
[2017-04-09T12:47:00,476][INFO ][o.e.c.r.a.DiskThresholdMonitor] [XLsE7TG] low disk watermark [85%] exceeded on [XLsE7TGkTGaQGDHUHQK5Og][XLsE7TG][C:\eduair\elasticsearch\data\nodes\0] free: 10.6gb[13.2%], replicas will not be assigned to this node
[2017-04-09T12:47:30,474][INFO ][o.e.c.r.a.DiskThresholdMonitor] [XLsE7TG] low disk watermark [85%] exceeded on [XLsE7TGkTGaQGDHUHQK5Og][XLsE7TG][C:\eduair\elasticsearch\data\nodes\0] free: 10.6gb[13.2%], replicas will not be assigned to this node
[2017-04-09T12:48:00,477][INFO ][o.e.c.r.a.DiskThresholdMonitor] [XLsE7TG] low disk watermark [85%] exceeded on [XLsE7TGkTGaQGDHUHQK5Og][XLsE7TG][C:\eduair\elasticsearch\data\nodes\0] free: 10.6gb[13.2%], replicas will not be assigned to this node
[2017-04-09T12:48:30,478][INFO ][o.e.c.r.a.DiskThresholdMonitor] [XLsE7TG] low disk watermark [85%] exceeded on [XLsE7TGkTGaQGDHUHQK5Og][XLsE7TG][C:\eduair\elasticsearch\data\nodes\0] free: 10.6gb[13.2%], replicas will not be assigned to this node
[2017-04-09T12:49:00,474][INFO ][o.e.c.r.a.DiskThresholdMonitor] [XLsE7TG] low disk watermark [85%] exceeded on [XLsE7TGkTGaQGDHUHQK5Og][XLsE7TG][C:\eduair\elasticsearch\data\nodes\0] free: 10.6gb[13.2%], replicas will not be assigned to this node
[2017-04-09T12:49:30,473][INFO ][o.e.c.r.a.DiskThresholdMonitor] [XLsE7TG] low disk watermark [85%] exceeded on [XLsE7TGkTGaQGDHUHQK5Og][XLsE7TG][C:\eduair\elasticsearch\data\nodes\0] free: 10.6gb[13.2%], replicas will not be assigned to this node
[2017-04-09T12:50:00,471][INFO ][o.e.c.r.a.DiskThresholdMonitor] [XLsE7TG] low disk watermark [85%] exceeded on [XLsE7TGkTGaQGDHUHQK5Og][XLsE7TG][C:\eduair\elasticsearch\data\nodes\0] free: 10.6gb[13.2%], replicas will not be assigned to this node
[2017-04-09T12:50:30,469][INFO ][o.e.c.r.a.DiskThresholdMonitor] [XLsE7TG] low disk watermark [85%] exceeded on [XLsE7TGkTGaQGDHUHQK5Og][XLsE7TG][C:\eduair\elasticsearch\data\nodes\0] free: 10.6gb[13.2%], replicas will not be assigned to this node
[2017-04-09T12:51:00,468][INFO ][o.e.c.r.a.DiskThresholdMonitor] [XLsE7TG] low disk watermark [85%] exceeded on [XLsE7TGkTGaQGDHUHQK5Og][XLsE7TG][C:\eduair\elasticsearch\data\nodes\0] free: 10.6gb[13.2%], replicas will not be assigned to this node
[2017-04-09T12:51:30,466][INFO ][o.e.c.r.a.DiskThresholdMonitor] [XLsE7TG] low disk watermark [85%] exceeded on [XLsE7TGkTGaQGDHUHQK5Og][XLsE7TG][C:\eduair\elasticsearch\data\nodes\0] free: 10.6gb[13.2%], replicas will not be assigned to this node
[2017-04-09T12:52:00,466][INFO ][o.e.c.r.a.DiskThresholdMonitor] [XLsE7TG] low disk watermark [85%] exceeded on [XLsE7TGkTGaQGDHUHQK5Og][XLsE7TG][C:\eduair\elasticsearch\data\nodes\0] free: 10.6gb[13.2%], replicas will not be assigned to this node
[2017-04-09T12:52:30,462][INFO ][o.e.c.r.a.DiskThresholdMonitor] [XLsE7TG] low disk watermark [85%] exceeded on [XLsE7TGkTGaQGDHUHQK5Og][XLsE7TG][C:\eduair\elasticsearch\data\nodes\0] free: 10.6gb[13.2%], replicas will not be assigned to this node
[2017-04-09T12:53:00,461][INFO ][o.e.c.r.a.DiskThresholdMonitor] [XLsE7TG] low disk watermark [85%] exceeded on [XLsE7TGkTGaQGDHUHQK5Og][XLsE7TG][C:\eduair\elasticsearch\data\nodes\0] free: 10.6gb[13.2%], replicas will not be assigned to this node
[2017-04-09T12:53:30,460][INFO ][o.e.c.r.a.DiskThresholdMonitor] [XLsE7TG] low disk watermark [85%] exceeded on [XLsE7TGkTGaQGDHUHQK5Og][XLsE7TG][C:\eduair\elasticsearch\data\nodes\0] free: 10.6gb[13.2%], replicas will not be assigned to this node
[2017-04-09T12:54:00,462][INFO ][o.e.c.r.a.DiskThresholdMonitor] [XLsE7TG] low disk watermark [85%] exceeded on [XLsE7TGkTGaQGDHUHQK5Og][XLsE7TG][C:\eduair\elasticsearch\data\nodes\0] free: 10.6gb[13.2%], replicas will not be assigned to this node
[2017-04-09T12:54:30,459][INFO ][o.e.c.r.a.DiskThresholdMonitor] [XLsE7TG] low disk watermark [85%] exceeded on [XLsE7TGkTGaQGDHUHQK5Og][XLsE7TG][C:\eduair\elasticsearch\data\nodes\0] free: 10.6gb[13.2%], replicas will not be assigned to this node
[2017-04-09T12:55:00,459][INFO ][o.e.c.r.a.DiskThresholdMonitor] [XLsE7TG] low disk watermark [85%] exceeded on [XLsE7TGkTGaQGDHUHQK5Og][XLsE7TG][C:\eduair\elasticsearch\data\nodes\0] free: 10.6gb[13.2%], replicas will not be assigned to this node
[2017-04-09T12:55:30,459][INFO ][o.e.c.r.a.DiskThresholdMonitor] [XLsE7TG] low disk watermark [85%] exceeded on [XLsE7TGkTGaQGDHUHQK5Og][XLsE7TG][C:\eduair\elasticsearch\data\nodes\0] free: 10.6gb[13.2%], replicas will not be assigned to this node
[2017-04-09T12:56:00,457][INFO ][o.e.c.r.a.DiskThresholdMonitor] [XLsE7TG] low disk watermark [85%] exceeded on [XLsE7TGkTGaQGDHUHQK5Og][XLsE7TG][C:\eduair\elasticsearch\data\nodes\0] free: 10.6gb[13.2%], replicas will not be assigned to this node
[2017-04-09T12:56:30,457][INFO ][o.e.c.r.a.DiskThresholdMonitor] [XLsE7TG] low disk watermark [85%] exceeded on [XLsE7TGkTGaQGDHUHQK5Og][XLsE7TG][C:\eduair\elasticsearch\data\nodes\0] free: 10.6gb[13.2%], replicas will not be assigned to this node
[2017-04-09T12:57:00,455][INFO ][o.e.c.r.a.DiskThresholdMonitor] [XLsE7TG] low disk watermark [85%] exceeded on [XLsE7TGkTGaQGDHUHQK5Og][XLsE7TG][C:\eduair\elasticsearch\data\nodes\0] free: 10.6gb[13.2%], replicas will not be assigned to this node
[2017-04-09T12:57:30,453][INFO ][o.e.c.r.a.DiskThresholdMonitor] [XLsE7TG] low disk watermark [85%] exceeded on [XLsE7TGkTGaQGDHUHQK5Og][XLsE7TG][C:\eduair\elasticsearch\data\nodes\0] free: 10.6gb[13.2%], replicas will not be assigned to this node
[2017-04-09T12:58:00,460][INFO ][o.e.c.r.a.DiskThresholdMonitor] [XLsE7TG] low disk watermark [85%] exceeded on [XLsE7TGkTGaQGDHUHQK5Og][XLsE7TG][C:\eduair\elasticsearch\data\nodes\0] free: 10.6gb[13.2%], replicas will not be assigned to this node
[2017-04-09T12:58:30,500][INFO ][o.e.c.r.a.DiskThresholdMonitor] [XLsE7TG] low disk watermark [85%] exceeded on [XLsE7TGkTGaQGDHUHQK5Og][XLsE7TG][C:\eduair\elasticsearch\data\nodes\0] free: 10.6gb[13.2%], replicas will not be assigned to this node
[2017-04-09T12:59:00,539][INFO ][o.e.c.r.a.DiskThresholdMonitor] [XLsE7TG] low disk watermark [85%] exceeded on [XLsE7TGkTGaQGDHUHQK5Og][XLsE7TG][C:\eduair\elasticsearch\data\nodes\0] free: 10.6gb[13.2%], replicas will not be assigned to this node
[2017-04-09T12:59:30,535][INFO ][o.e.c.r.a.DiskThresholdMonitor] [XLsE7TG] low disk watermark [85%] exceeded on [XLsE7TGkTGaQGDHUHQK5Og][XLsE7TG][C:\eduair\elasticsearch\data\nodes\0] free: 10.6gb[13.2%], replicas will not be assigned to this node
[2017-04-09T13:00:00,537][INFO ][o.e.c.r.a.DiskThresholdMonitor] [XLsE7TG] low disk watermark [85%] exceeded on [XLsE7TGkTGaQGDHUHQK5Og][XLsE7TG][C:\eduair\elasticsearch\data\nodes\0] free: 10.6gb[13.2%], replicas will not be assigned to this node
[2017-04-09T13:00:30,579][INFO ][o.e.c.r.a.DiskThresholdMonitor] [XLsE7TG] low disk watermark [85%] exceeded on [XLsE7TGkTGaQGDHUHQK5Og][XLsE7TG][C:\eduair\elasticsearch\data\nodes\0] free: 10.6gb[13.2%], replicas will not be assigned to this node
[2017-04-09T13:01:00,577][INFO ][o.e.c.r.a.DiskThresholdMonitor] [XLsE7TG] low disk watermark [85%] exceeded on [XLsE7TGkTGaQGDHUHQK5Og][XLsE7TG][C:\eduair\elasticsearch\data\nodes\0] free: 10.6gb[13.2%], replicas will not be assigned to this node
[2017-04-09T13:01:30,575][INFO ][o.e.c.r.a.DiskThresholdMonitor] [XLsE7TG] low disk watermark [85%] exceeded on [XLsE7TGkTGaQGDHUHQK5Og][XLsE7TG][C:\eduair\elasticsearch\data\nodes\0] free: 10.6gb[13.2%], replicas will not be assigned to this node
[2017-04-09T13:02:00,575][INFO ][o.e.c.r.a.DiskThresholdMonitor] [XLsE7TG] low disk watermark [85%] exceeded on [XLsE7TGkTGaQGDHUHQK5Og][XLsE7TG][C:\eduair\elasticsearch\data\nodes\0] free: 10.6gb[13.2%], replicas will not be assigned to this node
[2017-04-09T13:02:30,573][INFO ][o.e.c.r.a.DiskThresholdMonitor] [XLsE7TG] low disk watermark [85%] exceeded on [XLsE7TGkTGaQGDHUHQK5Og][XLsE7TG][C:\eduair\elasticsearch\data\nodes\0] free: 10.6gb[13.2%], replicas will not be assigned to this node
[2017-04-09T13:03:00,572][INFO ][o.e.c.r.a.DiskThresholdMonitor] [XLsE7TG] low disk watermark [85%] exceeded on [XLsE7TGkTGaQGDHUHQK5Og][XLsE7TG][C:\eduair\elasticsearch\data\nodes\0] free: 10.6gb[13.2%], replicas will not be assigned to this node
[2017-04-09T13:03:30,570][INFO ][o.e.c.r.a.DiskThresholdMonitor] [XLsE7TG] low disk watermark [85%] exceeded on [XLsE7TGkTGaQGDHUHQK5Og][XLsE7TG][C:\eduair\elasticsearch\data\nodes\0] free: 10.6gb[13.2%], replicas will not be assigned to this node
[2017-04-09T13:04:00,569][INFO ][o.e.c.r.a.DiskThresholdMonitor] [XLsE7TG] low disk watermark [85%] exceeded on [XLsE7TGkTGaQGDHUHQK5Og][XLsE7TG][C:\eduair\elasticsearch\data\nodes\0] free: 10.6gb[13.2%], replicas will not be assigned to this node
[2017-04-09T13:04:30,567][INFO ][o.e.c.r.a.DiskThresholdMonitor] [XLsE7TG] low disk watermark [85%] exceeded on [XLsE7TGkTGaQGDHUHQK5Og][XLsE7TG][C:\eduair\elasticsearch\data\nodes\0] free: 10.6gb[13.2%], replicas will not be assigned to this node
[2017-04-09T13:05:00,568][INFO ][o.e.c.r.a.DiskThresholdMonitor] [XLsE7TG] low disk watermark [85%] exceeded on [XLsE7TGkTGaQGDHUHQK5Og][XLsE7TG][C:\eduair\elasticsearch\data\nodes\0] free: 10.6gb[13.2%], replicas will not be assigned to this node
[2017-04-09T13:05:30,617][INFO ][o.e.c.r.a.DiskThresholdMonitor] [XLsE7TG] low disk watermark [85%] exceeded on [XLsE7TGkTGaQGDHUHQK5Og][XLsE7TG][C:\eduair\elasticsearch\data\nodes\0] free: 10.6gb[13.2%], replicas will not be assigned to this node
[2017-04-09T13:06:00,615][INFO ][o.e.c.r.a.DiskThresholdMonitor] [XLsE7TG] low disk watermark [85%] exceeded on [XLsE7TGkTGaQGDHUHQK5Og][XLsE7TG][C:\eduair\elasticsearch\data\nodes\0] free: 10.6gb[13.2%], replicas will not be assigned to this node
[2017-04-09T13:06:30,617][INFO ][o.e.c.r.a.DiskThresholdMonitor] [XLsE7TG] low disk watermark [85%] exceeded on [XLsE7TGkTGaQGDHUHQK5Og][XLsE7TG][C:\eduair\elasticsearch\data\nodes\0] free: 10.6gb[13.2%], replicas will not be assigned to this node
[2017-04-09T13:07:00,634][INFO ][o.e.c.r.a.DiskThresholdMonitor] [XLsE7TG] low disk watermark [85%] exceeded on [XLsE7TGkTGaQGDHUHQK5Og][XLsE7TG][C:\eduair\elasticsearch\data\nodes\0] free: 10.6gb[13.2%], replicas will not be assigned to this node
[2017-04-09T13:07:30,634][INFO ][o.e.c.r.a.DiskThresholdMonitor] [XLsE7TG] low disk watermark [85%] exceeded on [XLsE7TGkTGaQGDHUHQK5Og][XLsE7TG][C:\eduair\elasticsearch\data\nodes\0] free: 10.6gb[13.2%], replicas will not be assigned to this node
[2017-04-09T13:08:00,632][INFO ][o.e.c.r.a.DiskThresholdMonitor] [XLsE7TG] low disk watermark [85%] exceeded on [XLsE7TGkTGaQGDHUHQK5Og][XLsE7TG][C:\eduair\elasticsearch\data\nodes\0] free: 10.6gb[13.2%], replicas will not be assigned to this node
[2017-04-09T13:08:30,631][INFO ][o.e.c.r.a.DiskThresholdMonitor] [XLsE7TG] low disk watermark [85%] exceeded on [XLsE7TGkTGaQGDHUHQK5Og][XLsE7TG][C:\eduair\elasticsearch\data\nodes\0] free: 10.6gb[13.2%], replicas will not be assigned to this node
[2017-04-09T13:09:00,628][INFO ][o.e.c.r.a.DiskThresholdMonitor] [XLsE7TG] low disk watermark [85%] exceeded on [XLsE7TGkTGaQGDHUHQK5Og][XLsE7TG][C:\eduair\elasticsearch\data\nodes\0] free: 10.6gb[13.2%], replicas will not be assigned to this node
[2017-04-09T13:09:30,577][INFO ][o.e.c.r.a.DiskThresholdMonitor] [XLsE7TG] low disk watermark [85%] exceeded on [XLsE7TGkTGaQGDHUHQK5Og][XLsE7TG][C:\eduair\elasticsearch\data\nodes\0] free: 10.6gb[13.2%], replicas will not be assigned to this node
[2017-04-09T13:10:00,575][INFO ][o.e.c.r.a.DiskThresholdMonitor] [XLsE7TG] low disk watermark [85%] exceeded on [XLsE7TGkTGaQGDHUHQK5Og][XLsE7TG][C:\eduair\elasticsearch\data\nodes\0] free: 10.6gb[13.2%], replicas will not be assigned to this node
[2017-04-09T13:10:30,574][INFO ][o.e.c.r.a.DiskThresholdMonitor] [XLsE7TG] low disk watermark [85%] exceeded on [XLsE7TGkTGaQGDHUHQK5Og][XLsE7TG][C:\eduair\elasticsearch\data\nodes\0] free: 10.6gb[13.2%], replicas will not be assigned to this node
[2017-04-09T13:11:00,571][INFO ][o.e.c.r.a.DiskThresholdMonitor] [XLsE7TG] low disk watermark [85%] exceeded on [XLsE7TGkTGaQGDHUHQK5Og][XLsE7TG][C:\eduair\elasticsearch\data\nodes\0] free: 10.6gb[13.2%], replicas will not be assigned to this node
[2017-04-09T13:11:30,570][INFO ][o.e.c.r.a.DiskThresholdMonitor] [XLsE7TG] low disk watermark [85%] exceeded on [XLsE7TGkTGaQGDHUHQK5Og][XLsE7TG][C:\eduair\elasticsearch\data\nodes\0] free: 10.6gb[13.2%], replicas will not be assigned to this node
[2017-04-09T13:12:00,569][INFO ][o.e.c.r.a.DiskThresholdMonitor] [XLsE7TG] low disk watermark [85%] exceeded on [XLsE7TGkTGaQGDHUHQK5Og][XLsE7TG][C:\eduair\elasticsearch\data\nodes\0] free: 10.6gb[13.2%], replicas will not be assigned to this node
[2017-04-09T13:12:30,571][INFO ][o.e.c.r.a.DiskThresholdMonitor] [XLsE7TG] low disk watermark [85%] exceeded on [XLsE7TGkTGaQGDHUHQK5Og][XLsE7TG][C:\eduair\elasticsearch\data\nodes\0] free: 10.6gb[13.2%], replicas will not be assigned to this node
[2017-04-09T13:13:00,569][INFO ][o.e.c.r.a.DiskThresholdMonitor] [XLsE7TG] low disk watermark [85%] exceeded on [XLsE7TGkTGaQGDHUHQK5Og][XLsE7TG][C:\eduair\elasticsearch\data\nodes\0] free: 10.6gb[13.2%], replicas will not be assigned to this node
[2017-04-09T13:13:30,568][INFO ][o.e.c.r.a.DiskThresholdMonitor] [XLsE7TG] low disk watermark [85%] exceeded on [XLsE7TGkTGaQGDHUHQK5Og][XLsE7TG][C:\eduair\elasticsearch\data\nodes\0] free: 10.6gb[13.2%], replicas will not be assigned to this node
[2017-04-09T13:14:00,567][INFO ][o.e.c.r.a.DiskThresholdMonitor] [XLsE7TG] low disk watermark [85%] exceeded on [XLsE7TGkTGaQGDHUHQK5Og][XLsE7TG][C:\eduair\elasticsearch\data\nodes\0] free: 10.6gb[13.2%], replicas will not be assigned to this node
[2017-04-09T13:14:30,567][INFO ][o.e.c.r.a.DiskThresholdMonitor] [XLsE7TG] low disk watermark [85%] exceeded on [XLsE7TGkTGaQGDHUHQK5Og][XLsE7TG][C:\eduair\elasticsearch\data\nodes\0] free: 10.6gb[13.2%], replicas will not be assigned to this node
[2017-04-09T13:15:00,564][INFO ][o.e.c.r.a.DiskThresholdMonitor] [XLsE7TG] low disk watermark [85%] exceeded on [XLsE7TGkTGaQGDHUHQK5Og][XLsE7TG][C:\eduair\elasticsearch\data\nodes\0] free: 10.6gb[13.2%], replicas will not be assigned to this node
[2017-04-09T13:15:30,563][INFO ][o.e.c.r.a.DiskThresholdMonitor] [XLsE7TG] low disk watermark [85%] exceeded on [XLsE7TGkTGaQGDHUHQK5Og][XLsE7TG][C:\eduair\elasticsearch\data\nodes\0] free: 10.6gb[13.2%], replicas will not be assigned to this node
[2017-04-09T13:16:00,561][INFO ][o.e.c.r.a.DiskThresholdMonitor] [XLsE7TG] low disk watermark [85%] exceeded on [XLsE7TGkTGaQGDHUHQK5Og][XLsE7TG][C:\eduair\elasticsearch\data\nodes\0] free: 10.6gb[13.2%], replicas will not be assigned to this node
[2017-04-09T13:16:30,562][INFO ][o.e.c.r.a.DiskThresholdMonitor] [XLsE7TG] low disk watermark [85%] exceeded on [XLsE7TGkTGaQGDHUHQK5Og][XLsE7TG][C:\eduair\elasticsearch\data\nodes\0] free: 10.6gb[13.2%], replicas will not be assigned to this node
[2017-04-09T13:17:00,561][INFO ][o.e.c.r.a.DiskThresholdMonitor] [XLsE7TG] low disk watermark [85%] exceeded on [XLsE7TGkTGaQGDHUHQK5Og][XLsE7TG][C:\eduair\elasticsearch\data\nodes\0] free: 10.6gb[13.2%], replicas will not be assigned to this node
[2017-04-09T13:17:30,561][INFO ][o.e.c.r.a.DiskThresholdMonitor] [XLsE7TG] low disk watermark [85%] exceeded on [XLsE7TGkTGaQGDHUHQK5Og][XLsE7TG][C:\eduair\elasticsearch\data\nodes\0] free: 10.6gb[13.2%], replicas will not be assigned to this node
[2017-04-09T13:18:00,565][INFO ][o.e.c.r.a.DiskThresholdMonitor] [XLsE7TG] low disk watermark [85%] exceeded on [XLsE7TGkTGaQGDHUHQK5Og][XLsE7TG][C:\eduair\elasticsearch\data\nodes\0] free: 10.6gb[13.2%], replicas will not be assigned to this node
[2017-04-09T13:18:30,562][INFO ][o.e.c.r.a.DiskThresholdMonitor] [XLsE7TG] low disk watermark [85%] exceeded on [XLsE7TGkTGaQGDHUHQK5Og][XLsE7TG][C:\eduair\elasticsearch\data\nodes\0] free: 10.6gb[13.2%], replicas will not be assigned to this node
[2017-04-09T13:19:00,561][INFO ][o.e.c.r.a.DiskThresholdMonitor] [XLsE7TG] low disk watermark [85%] exceeded on [XLsE7TGkTGaQGDHUHQK5Og][XLsE7TG][C:\eduair\elasticsearch\data\nodes\0] free: 10.6gb[13.2%], replicas will not be assigned to this node
[2017-04-09T13:19:30,558][INFO ][o.e.c.r.a.DiskThresholdMonitor] [XLsE7TG] low disk watermark [85%] exceeded on [XLsE7TGkTGaQGDHUHQK5Og][XLsE7TG][C:\eduair\elasticsearch\data\nodes\0] free: 10.6gb[13.2%], replicas will not be assigned to this node
[2017-04-09T13:20:00,559][INFO ][o.e.c.r.a.DiskThresholdMonitor] [XLsE7TG] low disk watermark [85%] exceeded on [XLsE7TGkTGaQGDHUHQK5Og][XLsE7TG][C:\eduair\elasticsearch\data\nodes\0] free: 10.6gb[13.2%], replicas will not be assigned to this node
[2017-04-09T13:20:30,557][INFO ][o.e.c.r.a.DiskThresholdMonitor] [XLsE7TG] low disk watermark [85%] exceeded on [XLsE7TGkTGaQGDHUHQK5Og][XLsE7TG][C:\eduair\elasticsearch\data\nodes\0] free: 10.6gb[13.2%], replicas will not be assigned to this node
[2017-04-09T13:21:00,555][INFO ][o.e.c.r.a.DiskThresholdMonitor] [XLsE7TG] low disk watermark [85%] exceeded on [XLsE7TGkTGaQGDHUHQK5Og][XLsE7TG][C:\eduair\elasticsearch\data\nodes\0] free: 10.6gb[13.2%], replicas will not be assigned to this node
[2017-04-09T13:21:30,558][INFO ][o.e.c.r.a.DiskThresholdMonitor] [XLsE7TG] low disk watermark [85%] exceeded on [XLsE7TGkTGaQGDHUHQK5Og][XLsE7TG][C:\eduair\elasticsearch\data\nodes\0] free: 10.6gb[13.2%], replicas will not be assigned to this node
[2017-04-09T13:22:00,554][INFO ][o.e.c.r.a.DiskThresholdMonitor] [XLsE7TG] low disk watermark [85%] exceeded on [XLsE7TGkTGaQGDHUHQK5Og][XLsE7TG][C:\eduair\elasticsearch\data\nodes\0] free: 10.6gb[13.2%], replicas will not be assigned to this node
[2017-04-09T13:22:30,552][INFO ][o.e.c.r.a.DiskThresholdMonitor] [XLsE7TG] low disk watermark [85%] exceeded on [XLsE7TGkTGaQGDHUHQK5Og][XLsE7TG][C:\eduair\elasticsearch\data\nodes\0] free: 10.6gb[13.2%], replicas will not be assigned to this node
[2017-04-09T13:23:00,549][INFO ][o.e.c.r.a.DiskThresholdMonitor] [XLsE7TG] low disk watermark [85%] exceeded on [XLsE7TGkTGaQGDHUHQK5Og][XLsE7TG][C:\eduair\elasticsearch\data\nodes\0] free: 10.6gb[13.2%], replicas will not be assigned to this node
[2017-04-09T13:23:30,548][INFO ][o.e.c.r.a.DiskThresholdMonitor] [XLsE7TG] low disk watermark [85%] exceeded on [XLsE7TGkTGaQGDHUHQK5Og][XLsE7TG][C:\eduair\elasticsearch\data\nodes\0] free: 10.6gb[13.2%], replicas will not be assigned to this node
[2017-04-09T13:24:00,545][INFO ][o.e.c.r.a.DiskThresholdMonitor] [XLsE7TG] low disk watermark [85%] exceeded on [XLsE7TGkTGaQGDHUHQK5Og][XLsE7TG][C:\eduair\elasticsearch\data\nodes\0] free: 10.6gb[13.2%], replicas will not be assigned to this node
[2017-04-09T13:24:30,544][INFO ][o.e.c.r.a.DiskThresholdMonitor] [XLsE7TG] low disk watermark [85%] exceeded on [XLsE7TGkTGaQGDHUHQK5Og][XLsE7TG][C:\eduair\elasticsearch\data\nodes\0] free: 10.6gb[13.2%], replicas will not be assigned to this node
[2017-04-09T13:25:00,542][INFO ][o.e.c.r.a.DiskThresholdMonitor] [XLsE7TG] low disk watermark [85%] exceeded on [XLsE7TGkTGaQGDHUHQK5Og][XLsE7TG][C:\eduair\elasticsearch\data\nodes\0] free: 10.6gb[13.2%], replicas will not be assigned to this node
[2017-04-09T13:25:30,542][INFO ][o.e.c.r.a.DiskThresholdMonitor] [XLsE7TG] low disk watermark [85%] exceeded on [XLsE7TGkTGaQGDHUHQK5Og][XLsE7TG][C:\eduair\elasticsearch\data\nodes\0] free: 10.6gb[13.2%], replicas will not be assigned to this node
[2017-04-09T13:26:00,539][INFO ][o.e.c.r.a.DiskThresholdMonitor] [XLsE7TG] low disk watermark [85%] exceeded on [XLsE7TGkTGaQGDHUHQK5Og][XLsE7TG][C:\eduair\elasticsearch\data\nodes\0] free: 10.6gb[13.2%], replicas will not be assigned to this node
[2017-04-09T13:26:30,542][INFO ][o.e.c.r.a.DiskThresholdMonitor] [XLsE7TG] low disk watermark [85%] exceeded on [XLsE7TGkTGaQGDHUHQK5Og][XLsE7TG][C:\eduair\elasticsearch\data\nodes\0] free: 10.6gb[13.2%], replicas will not be assigned to this node
[2017-04-09T13:27:00,544][INFO ][o.e.c.r.a.DiskThresholdMonitor] [XLsE7TG] low disk watermark [85%] exceeded on [XLsE7TGkTGaQGDHUHQK5Og][XLsE7TG][C:\eduair\elasticsearch\data\nodes\0] free: 10.6gb[13.2%], replicas will not be assigned to this node
[2017-04-09T13:27:30,539][INFO ][o.e.c.r.a.DiskThresholdMonitor] [XLsE7TG] low disk watermark [85%] exceeded on [XLsE7TGkTGaQGDHUHQK5Og][XLsE7TG][C:\eduair\elasticsearch\data\nodes\0] free: 10.6gb[13.2%], replicas will not be assigned to this node
[2017-04-09T13:28:00,539][INFO ][o.e.c.r.a.DiskThresholdMonitor] [XLsE7TG] low disk watermark [85%] exceeded on [XLsE7TGkTGaQGDHUHQK5Og][XLsE7TG][C:\eduair\elasticsearch\data\nodes\0] free: 10.6gb[13.2%], replicas will not be assigned to this node
[2017-04-09T13:28:30,536][INFO ][o.e.c.r.a.DiskThresholdMonitor] [XLsE7TG] low disk watermark [85%] exceeded on [XLsE7TGkTGaQGDHUHQK5Og][XLsE7TG][C:\eduair\elasticsearch\data\nodes\0] free: 10.6gb[13.2%], replicas will not be assigned to this node
[2017-04-09T13:29:00,535][INFO ][o.e.c.r.a.DiskThresholdMonitor] [XLsE7TG] low disk watermark [85%] exceeded on [XLsE7TGkTGaQGDHUHQK5Og][XLsE7TG][C:\eduair\elasticsearch\data\nodes\0] free: 10.6gb[13.2%], replicas will not be assigned to this node
[2017-04-09T13:29:30,533][INFO ][o.e.c.r.a.DiskThresholdMonitor] [XLsE7TG] low disk watermark [85%] exceeded on [XLsE7TGkTGaQGDHUHQK5Og][XLsE7TG][C:\eduair\elasticsearch\data\nodes\0] free: 10.6gb[13.2%], replicas will not be assigned to this node
[2017-04-09T13:30:00,533][INFO ][o.e.c.r.a.DiskThresholdMonitor] [XLsE7TG] low disk watermark [85%] exceeded on [XLsE7TGkTGaQGDHUHQK5Og][XLsE7TG][C:\eduair\elasticsearch\data\nodes\0] free: 10.6gb[13.2%], replicas will not be assigned to this node
[2017-04-09T13:30:30,531][INFO ][o.e.c.r.a.DiskThresholdMonitor] [XLsE7TG] low disk watermark [85%] exceeded on [XLsE7TGkTGaQGDHUHQK5Og][XLsE7TG][C:\eduair\elasticsearch\data\nodes\0] free: 10.6gb[13.2%], replicas will not be assigned to this node
[2017-04-09T13:31:00,530][INFO ][o.e.c.r.a.DiskThresholdMonitor] [XLsE7TG] low disk watermark [85%] exceeded on [XLsE7TGkTGaQGDHUHQK5Og][XLsE7TG][C:\eduair\elasticsearch\data\nodes\0] free: 10.6gb[13.2%], replicas will not be assigned to this node
[2017-04-09T13:31:30,527][INFO ][o.e.c.r.a.DiskThresholdMonitor] [XLsE7TG] low disk watermark [85%] exceeded on [XLsE7TGkTGaQGDHUHQK5Og][XLsE7TG][C:\eduair\elasticsearch\data\nodes\0] free: 10.6gb[13.2%], replicas will not be assigned to this node
[2017-04-09T13:32:00,527][INFO ][o.e.c.r.a.DiskThresholdMonitor] [XLsE7TG] low disk watermark [85%] exceeded on [XLsE7TGkTGaQGDHUHQK5Og][XLsE7TG][C:\eduair\elasticsearch\data\nodes\0] free: 10.6gb[13.2%], replicas will not be assigned to this node
[2017-04-09T13:32:30,525][INFO ][o.e.c.r.a.DiskThresholdMonitor] [XLsE7TG] low disk watermark [85%] exceeded on [XLsE7TGkTGaQGDHUHQK5Og][XLsE7TG][C:\eduair\elasticsearch\data\nodes\0] free: 10.6gb[13.2%], replicas will not be assigned to this node
[2017-04-09T13:33:00,526][INFO ][o.e.c.r.a.DiskThresholdMonitor] [XLsE7TG] low disk watermark [85%] exceeded on [XLsE7TGkTGaQGDHUHQK5Og][XLsE7TG][C:\eduair\elasticsearch\data\nodes\0] free: 10.6gb[13.2%], replicas will not be assigned to this node
[2017-04-09T13:33:30,529][INFO ][o.e.c.r.a.DiskThresholdMonitor] [XLsE7TG] low disk watermark [85%] exceeded on [XLsE7TGkTGaQGDHUHQK5Og][XLsE7TG][C:\eduair\elasticsearch\data\nodes\0] free: 10.6gb[13.2%], replicas will not be assigned to this node
[2017-04-09T13:34:00,527][INFO ][o.e.c.r.a.DiskThresholdMonitor] [XLsE7TG] low disk watermark [85%] exceeded on [XLsE7TGkTGaQGDHUHQK5Og][XLsE7TG][C:\eduair\elasticsearch\data\nodes\0] free: 10.6gb[13.2%], replicas will not be assigned to this node
[2017-04-09T13:34:30,525][INFO ][o.e.c.r.a.DiskThresholdMonitor] [XLsE7TG] low disk watermark [85%] exceeded on [XLsE7TGkTGaQGDHUHQK5Og][XLsE7TG][C:\eduair\elasticsearch\data\nodes\0] free: 10.6gb[13.2%], replicas will not be assigned to this node
[2017-04-09T13:35:00,523][INFO ][o.e.c.r.a.DiskThresholdMonitor] [XLsE7TG] low disk watermark [85%] exceeded on [XLsE7TGkTGaQGDHUHQK5Og][XLsE7TG][C:\eduair\elasticsearch\data\nodes\0] free: 10.6gb[13.2%], replicas will not be assigned to this node
[2017-04-09T13:35:30,523][INFO ][o.e.c.r.a.DiskThresholdMonitor] [XLsE7TG] low disk watermark [85%] exceeded on [XLsE7TGkTGaQGDHUHQK5Og][XLsE7TG][C:\eduair\elasticsearch\data\nodes\0] free: 10.6gb[13.2%], replicas will not be assigned to this node
[2017-04-09T13:36:00,521][INFO ][o.e.c.r.a.DiskThresholdMonitor] [XLsE7TG] low disk watermark [85%] exceeded on [XLsE7TGkTGaQGDHUHQK5Og][XLsE7TG][C:\eduair\elasticsearch\data\nodes\0] free: 10.6gb[13.2%], replicas will not be assigned to this node
[2017-04-09T13:36:30,519][INFO ][o.e.c.r.a.DiskThresholdMonitor] [XLsE7TG] low disk watermark [85%] exceeded on [XLsE7TGkTGaQGDHUHQK5Og][XLsE7TG][C:\eduair\elasticsearch\data\nodes\0] free: 10.6gb[13.2%], replicas will not be assigned to this node
[2017-04-09T13:37:00,517][INFO ][o.e.c.r.a.DiskThresholdMonitor] [XLsE7TG] low disk watermark [85%] exceeded on [XLsE7TGkTGaQGDHUHQK5Og][XLsE7TG][C:\eduair\elasticsearch\data\nodes\0] free: 10.6gb[13.2%], replicas will not be assigned to this node
[2017-04-09T13:37:30,519][INFO ][o.e.c.r.a.DiskThresholdMonitor] [XLsE7TG] low disk watermark [85%] exceeded on [XLsE7TGkTGaQGDHUHQK5Og][XLsE7TG][C:\eduair\elasticsearch\data\nodes\0] free: 10.6gb[13.2%], replicas will not be assigned to this node
[2017-04-09T13:38:00,525][INFO ][o.e.c.r.a.DiskThresholdMonitor] [XLsE7TG] low disk watermark [85%] exceeded on [XLsE7TGkTGaQGDHUHQK5Og][XLsE7TG][C:\eduair\elasticsearch\data\nodes\0] free: 10.6gb[13.2%], replicas will not be assigned to this node
[2017-04-09T13:38:30,523][INFO ][o.e.c.r.a.DiskThresholdMonitor] [XLsE7TG] low disk watermark [85%] exceeded on [XLsE7TGkTGaQGDHUHQK5Og][XLsE7TG][C:\eduair\elasticsearch\data\nodes\0] free: 10.6gb[13.2%], replicas will not be assigned to this node
[2017-04-09T13:39:00,522][INFO ][o.e.c.r.a.DiskThresholdMonitor] [XLsE7TG] low disk watermark [85%] exceeded on [XLsE7TGkTGaQGDHUHQK5Og][XLsE7TG][C:\eduair\elasticsearch\data\nodes\0] free: 10.6gb[13.2%], replicas will not be assigned to this node
[2017-04-09T13:39:30,520][INFO ][o.e.c.r.a.DiskThresholdMonitor] [XLsE7TG] low disk watermark [85%] exceeded on [XLsE7TGkTGaQGDHUHQK5Og][XLsE7TG][C:\eduair\elasticsearch\data\nodes\0] free: 10.6gb[13.2%], replicas will not be assigned to this node
[2017-04-09T13:40:00,521][INFO ][o.e.c.r.a.DiskThresholdMonitor] [XLsE7TG] low disk watermark [85%] exceeded on [XLsE7TGkTGaQGDHUHQK5Og][XLsE7TG][C:\eduair\elasticsearch\data\nodes\0] free: 10.6gb[13.2%], replicas will not be assigned to this node
[2017-04-09T13:40:30,518][INFO ][o.e.c.r.a.DiskThresholdMonitor] [XLsE7TG] low disk watermark [85%] exceeded on [XLsE7TGkTGaQGDHUHQK5Og][XLsE7TG][C:\eduair\elasticsearch\data\nodes\0] free: 10.6gb[13.2%], replicas will not be assigned to this node
[2017-04-09T13:41:00,518][INFO ][o.e.c.r.a.DiskThresholdMonitor] [XLsE7TG] low disk watermark [85%] exceeded on [XLsE7TGkTGaQGDHUHQK5Og][XLsE7TG][C:\eduair\elasticsearch\data\nodes\0] free: 10.6gb[13.2%], replicas will not be assigned to this node
[2017-04-09T13:41:30,515][INFO ][o.e.c.r.a.DiskThresholdMonitor] [XLsE7TG] low disk watermark [85%] exceeded on [XLsE7TGkTGaQGDHUHQK5Og][XLsE7TG][C:\eduair\elasticsearch\data\nodes\0] free: 10.6gb[13.2%], replicas will not be assigned to this node
[2017-04-09T13:42:00,515][INFO ][o.e.c.r.a.DiskThresholdMonitor] [XLsE7TG] low disk watermark [85%] exceeded on [XLsE7TGkTGaQGDHUHQK5Og][XLsE7TG][C:\eduair\elasticsearch\data\nodes\0] free: 10.6gb[13.2%], replicas will not be assigned to this node
[2017-04-09T13:42:30,513][INFO ][o.e.c.r.a.DiskThresholdMonitor] [XLsE7TG] low disk watermark [85%] exceeded on [XLsE7TGkTGaQGDHUHQK5Og][XLsE7TG][C:\eduair\elasticsearch\data\nodes\0] free: 10.6gb[13.2%], replicas will not be assigned to this node
[2017-04-09T13:43:00,670][INFO ][o.e.c.r.a.DiskThresholdMonitor] [XLsE7TG] low disk watermark [85%] exceeded on [XLsE7TGkTGaQGDHUHQK5Og][XLsE7TG][C:\eduair\elasticsearch\data\nodes\0] free: 10.6gb[13.2%], replicas will not be assigned to this node
[2017-04-09T13:43:30,670][INFO ][o.e.c.r.a.DiskThresholdMonitor] [XLsE7TG] low disk watermark [85%] exceeded on [XLsE7TGkTGaQGDHUHQK5Og][XLsE7TG][C:\eduair\elasticsearch\data\nodes\0] free: 10.6gb[13.2%], replicas will not be assigned to this node
[2017-04-09T13:44:00,672][INFO ][o.e.c.r.a.DiskThresholdMonitor] [XLsE7TG] low disk watermark [85%] exceeded on [XLsE7TGkTGaQGDHUHQK5Og][XLsE7TG][C:\eduair\elasticsearch\data\nodes\0] free: 10.6gb[13.2%], replicas will not be assigned to this node
[2017-04-09T13:44:30,669][INFO ][o.e.c.r.a.DiskThresholdMonitor] [XLsE7TG] low disk watermark [85%] exceeded on [XLsE7TGkTGaQGDHUHQK5Og][XLsE7TG][C:\eduair\elasticsearch\data\nodes\0] free: 10.6gb[13.2%], replicas will not be assigned to this node
[2017-04-09T13:45:00,667][INFO ][o.e.c.r.a.DiskThresholdMonitor] [XLsE7TG] low disk watermark [85%] exceeded on [XLsE7TGkTGaQGDHUHQK5Og][XLsE7TG][C:\eduair\elasticsearch\data\nodes\0] free: 10.6gb[13.2%], replicas will not be assigned to this node
[2017-04-09T13:45:30,666][INFO ][o.e.c.r.a.DiskThresholdMonitor] [XLsE7TG] low disk watermark [85%] exceeded on [XLsE7TGkTGaQGDHUHQK5Og][XLsE7TG][C:\eduair\elasticsearch\data\nodes\0] free: 10.6gb[13.2%], replicas will not be assigned to this node
[2017-04-09T13:46:00,665][INFO ][o.e.c.r.a.DiskThresholdMonitor] [XLsE7TG] low disk watermark [85%] exceeded on [XLsE7TGkTGaQGDHUHQK5Og][XLsE7TG][C:\eduair\elasticsearch\data\nodes\0] free: 10.6gb[13.2%], replicas will not be assigned to this node
[2017-04-09T13:46:30,664][INFO ][o.e.c.r.a.DiskThresholdMonitor] [XLsE7TG] low disk watermark [85%] exceeded on [XLsE7TGkTGaQGDHUHQK5Og][XLsE7TG][C:\eduair\elasticsearch\data\nodes\0] free: 10.6gb[13.2%], replicas will not be assigned to this node
[2017-04-09T13:47:00,662][INFO ][o.e.c.r.a.DiskThresholdMonitor] [XLsE7TG] low disk watermark [85%] exceeded on [XLsE7TGkTGaQGDHUHQK5Og][XLsE7TG][C:\eduair\elasticsearch\data\nodes\0] free: 10.6gb[13.2%], replicas will not be assigned to this node
[2017-04-09T13:47:30,660][INFO ][o.e.c.r.a.DiskThresholdMonitor] [XLsE7TG] low disk watermark [85%] exceeded on [XLsE7TGkTGaQGDHUHQK5Og][XLsE7TG][C:\eduair\elasticsearch\data\nodes\0] free: 10.6gb[13.2%], replicas will not be assigned to this node
[2017-04-09T13:48:00,660][INFO ][o.e.c.r.a.DiskThresholdMonitor] [XLsE7TG] low disk watermark [85%] exceeded on [XLsE7TGkTGaQGDHUHQK5Og][XLsE7TG][C:\eduair\elasticsearch\data\nodes\0] free: 10.6gb[13.2%], replicas will not be assigned to this node
[2017-04-09T13:48:30,656][INFO ][o.e.c.r.a.DiskThresholdMonitor] [XLsE7TG] low disk watermark [85%] exceeded on [XLsE7TGkTGaQGDHUHQK5Og][XLsE7TG][C:\eduair\elasticsearch\data\nodes\0] free: 10.6gb[13.2%], replicas will not be assigned to this node
[2017-04-09T13:49:00,656][INFO ][o.e.c.r.a.DiskThresholdMonitor] [XLsE7TG] low disk watermark [85%] exceeded on [XLsE7TGkTGaQGDHUHQK5Og][XLsE7TG][C:\eduair\elasticsearch\data\nodes\0] free: 10.6gb[13.2%], replicas will not be assigned to this node
[2017-04-09T13:49:30,655][INFO ][o.e.c.r.a.DiskThresholdMonitor] [XLsE7TG] low disk watermark [85%] exceeded on [XLsE7TGkTGaQGDHUHQK5Og][XLsE7TG][C:\eduair\elasticsearch\data\nodes\0] free: 10.6gb[13.2%], replicas will not be assigned to this node
[2017-04-09T13:50:00,659][INFO ][o.e.c.r.a.DiskThresholdMonitor] [XLsE7TG] low disk watermark [85%] exceeded on [XLsE7TGkTGaQGDHUHQK5Og][XLsE7TG][C:\eduair\elasticsearch\data\nodes\0] free: 10.6gb[13.2%], replicas will not be assigned to this node
[2017-04-09T13:50:30,658][INFO ][o.e.c.r.a.DiskThresholdMonitor] [XLsE7TG] low disk watermark [85%] exceeded on [XLsE7TGkTGaQGDHUHQK5Og][XLsE7TG][C:\eduair\elasticsearch\data\nodes\0] free: 10.6gb[13.2%], replicas will not be assigned to this node
[2017-04-09T13:51:00,656][INFO ][o.e.c.r.a.DiskThresholdMonitor] [XLsE7TG] low disk watermark [85%] exceeded on [XLsE7TGkTGaQGDHUHQK5Og][XLsE7TG][C:\eduair\elasticsearch\data\nodes\0] free: 10.6gb[13.2%], replicas will not be assigned to this node
[2017-04-09T13:51:30,653][INFO ][o.e.c.r.a.DiskThresholdMonitor] [XLsE7TG] low disk watermark [85%] exceeded on [XLsE7TGkTGaQGDHUHQK5Og][XLsE7TG][C:\eduair\elasticsearch\data\nodes\0] free: 10.6gb[13.2%], replicas will not be assigned to this node
[2017-04-09T13:52:00,653][INFO ][o.e.c.r.a.DiskThresholdMonitor] [XLsE7TG] low disk watermark [85%] exceeded on [XLsE7TGkTGaQGDHUHQK5Og][XLsE7TG][C:\eduair\elasticsearch\data\nodes\0] free: 10.6gb[13.2%], replicas will not be assigned to this node
[2017-04-09T13:52:30,651][INFO ][o.e.c.r.a.DiskThresholdMonitor] [XLsE7TG] low disk watermark [85%] exceeded on [XLsE7TGkTGaQGDHUHQK5Og][XLsE7TG][C:\eduair\elasticsearch\data\nodes\0] free: 10.6gb[13.2%], replicas will not be assigned to this node
[2017-04-09T13:53:00,650][INFO ][o.e.c.r.a.DiskThresholdMonitor] [XLsE7TG] low disk watermark [85%] exceeded on [XLsE7TGkTGaQGDHUHQK5Og][XLsE7TG][C:\eduair\elasticsearch\data\nodes\0] free: 10.6gb[13.2%], replicas will not be assigned to this node
[2017-04-09T13:53:30,647][INFO ][o.e.c.r.a.DiskThresholdMonitor] [XLsE7TG] low disk watermark [85%] exceeded on [XLsE7TGkTGaQGDHUHQK5Og][XLsE7TG][C:\eduair\elasticsearch\data\nodes\0] free: 10.6gb[13.2%], replicas will not be assigned to this node
[2017-04-09T13:54:00,644][INFO ][o.e.c.r.a.DiskThresholdMonitor] [XLsE7TG] low disk watermark [85%] exceeded on [XLsE7TGkTGaQGDHUHQK5Og][XLsE7TG][C:\eduair\elasticsearch\data\nodes\0] free: 10.6gb[13.2%], replicas will not be assigned to this node
[2017-04-09T13:54:30,641][INFO ][o.e.c.r.a.DiskThresholdMonitor] [XLsE7TG] low disk watermark [85%] exceeded on [XLsE7TGkTGaQGDHUHQK5Og][XLsE7TG][C:\eduair\elasticsearch\data\nodes\0] free: 10.6gb[13.2%], replicas will not be assigned to this node
[2017-04-09T13:55:00,640][INFO ][o.e.c.r.a.DiskThresholdMonitor] [XLsE7TG] low disk watermark [85%] exceeded on [XLsE7TGkTGaQGDHUHQK5Og][XLsE7TG][C:\eduair\elasticsearch\data\nodes\0] free: 10.6gb[13.2%], replicas will not be assigned to this node
[2017-04-09T13:55:30,642][INFO ][o.e.c.r.a.DiskThresholdMonitor] [XLsE7TG] low disk watermark [85%] exceeded on [XLsE7TGkTGaQGDHUHQK5Og][XLsE7TG][C:\eduair\elasticsearch\data\nodes\0] free: 10.6gb[13.2%], replicas will not be assigned to this node
[2017-04-09T13:56:00,639][INFO ][o.e.c.r.a.DiskThresholdMonitor] [XLsE7TG] low disk watermark [85%] exceeded on [XLsE7TGkTGaQGDHUHQK5Og][XLsE7TG][C:\eduair\elasticsearch\data\nodes\0] free: 10.6gb[13.2%], replicas will not be assigned to this node
[2017-04-09T13:56:30,638][INFO ][o.e.c.r.a.DiskThresholdMonitor] [XLsE7TG] low disk watermark [85%] exceeded on [XLsE7TGkTGaQGDHUHQK5Og][XLsE7TG][C:\eduair\elasticsearch\data\nodes\0] free: 10.6gb[13.2%], replicas will not be assigned to this node
[2017-04-09T13:57:00,636][INFO ][o.e.c.r.a.DiskThresholdMonitor] [XLsE7TG] low disk watermark [85%] exceeded on [XLsE7TGkTGaQGDHUHQK5Og][XLsE7TG][C:\eduair\elasticsearch\data\nodes\0] free: 10.6gb[13.2%], replicas will not be assigned to this node
[2017-04-09T13:57:30,635][INFO ][o.e.c.r.a.DiskThresholdMonitor] [XLsE7TG] low disk watermark [85%] exceeded on [XLsE7TGkTGaQGDHUHQK5Og][XLsE7TG][C:\eduair\elasticsearch\data\nodes\0] free: 10.6gb[13.2%], replicas will not be assigned to this node
[2017-04-09T13:58:00,632][INFO ][o.e.c.r.a.DiskThresholdMonitor] [XLsE7TG] low disk watermark [85%] exceeded on [XLsE7TGkTGaQGDHUHQK5Og][XLsE7TG][C:\eduair\elasticsearch\data\nodes\0] free: 10.6gb[13.2%], replicas will not be assigned to this node
[2017-04-09T13:58:30,632][INFO ][o.e.c.r.a.DiskThresholdMonitor] [XLsE7TG] low disk watermark [85%] exceeded on [XLsE7TGkTGaQGDHUHQK5Og][XLsE7TG][C:\eduair\elasticsearch\data\nodes\0] free: 10.6gb[13.2%], replicas will not be assigned to this node
[2017-04-09T13:59:00,629][INFO ][o.e.c.r.a.DiskThresholdMonitor] [XLsE7TG] low disk watermark [85%] exceeded on [XLsE7TGkTGaQGDHUHQK5Og][XLsE7TG][C:\eduair\elasticsearch\data\nodes\0] free: 10.6gb[13.2%], replicas will not be assigned to this node
[2017-04-09T13:59:30,629][INFO ][o.e.c.r.a.DiskThresholdMonitor] [XLsE7TG] low disk watermark [85%] exceeded on [XLsE7TGkTGaQGDHUHQK5Og][XLsE7TG][C:\eduair\elasticsearch\data\nodes\0] free: 10.6gb[13.2%], replicas will not be assigned to this node
[2017-04-09T14:00:00,631][INFO ][o.e.c.r.a.DiskThresholdMonitor] [XLsE7TG] low disk watermark [85%] exceeded on [XLsE7TGkTGaQGDHUHQK5Og][XLsE7TG][C:\eduair\elasticsearch\data\nodes\0] free: 10.6gb[13.2%], replicas will not be assigned to this node
[2017-04-09T14:00:30,634][INFO ][o.e.c.r.a.DiskThresholdMonitor] [XLsE7TG] low disk watermark [85%] exceeded on [XLsE7TGkTGaQGDHUHQK5Og][XLsE7TG][C:\eduair\elasticsearch\data\nodes\0] free: 10.6gb[13.2%], replicas will not be assigned to this node
[2017-04-09T14:01:01,534][INFO ][o.e.c.r.a.DiskThresholdMonitor] [XLsE7TG] low disk watermark [85%] exceeded on [XLsE7TGkTGaQGDHUHQK5Og][XLsE7TG][C:\eduair\elasticsearch\data\nodes\0] free: 10.6gb[13.2%], replicas will not be assigned to this node
[2017-04-09T14:01:31,533][INFO ][o.e.c.r.a.DiskThresholdMonitor] [XLsE7TG] low disk watermark [85%] exceeded on [XLsE7TGkTGaQGDHUHQK5Og][XLsE7TG][C:\eduair\elasticsearch\data\nodes\0] free: 10.6gb[13.2%], replicas will not be assigned to this node
[2017-04-09T14:02:01,531][INFO ][o.e.c.r.a.DiskThresholdMonitor] [XLsE7TG] low disk watermark [85%] exceeded on [XLsE7TGkTGaQGDHUHQK5Og][XLsE7TG][C:\eduair\elasticsearch\data\nodes\0] free: 10.6gb[13.2%], replicas will not be assigned to this node
[2017-04-09T14:02:31,531][INFO ][o.e.c.r.a.DiskThresholdMonitor] [XLsE7TG] low disk watermark [85%] exceeded on [XLsE7TGkTGaQGDHUHQK5Og][XLsE7TG][C:\eduair\elasticsearch\data\nodes\0] free: 10.6gb[13.2%], replicas will not be assigned to this node
[2017-04-09T14:03:01,529][INFO ][o.e.c.r.a.DiskThresholdMonitor] [XLsE7TG] low disk watermark [85%] exceeded on [XLsE7TGkTGaQGDHUHQK5Og][XLsE7TG][C:\eduair\elasticsearch\data\nodes\0] free: 10.6gb[13.2%], replicas will not be assigned to this node
[2017-04-09T14:03:31,529][INFO ][o.e.c.r.a.DiskThresholdMonitor] [XLsE7TG] low disk watermark [85%] exceeded on [XLsE7TGkTGaQGDHUHQK5Og][XLsE7TG][C:\eduair\elasticsearch\data\nodes\0] free: 10.6gb[13.2%], replicas will not be assigned to this node
[2017-04-09T14:04:01,528][INFO ][o.e.c.r.a.DiskThresholdMonitor] [XLsE7TG] low disk watermark [85%] exceeded on [XLsE7TGkTGaQGDHUHQK5Og][XLsE7TG][C:\eduair\elasticsearch\data\nodes\0] free: 10.6gb[13.2%], replicas will not be assigned to this node
[2017-04-09T14:04:31,527][INFO ][o.e.c.r.a.DiskThresholdMonitor] [XLsE7TG] low disk watermark [85%] exceeded on [XLsE7TGkTGaQGDHUHQK5Og][XLsE7TG][C:\eduair\elasticsearch\data\nodes\0] free: 10.6gb[13.2%], replicas will not be assigned to this node
[2017-04-09T14:05:01,525][INFO ][o.e.c.r.a.DiskThresholdMonitor] [XLsE7TG] low disk watermark [85%] exceeded on [XLsE7TGkTGaQGDHUHQK5Og][XLsE7TG][C:\eduair\elasticsearch\data\nodes\0] free: 10.6gb[13.2%], replicas will not be assigned to this node
[2017-04-09T14:05:31,528][INFO ][o.e.c.r.a.DiskThresholdMonitor] [XLsE7TG] low disk watermark [85%] exceeded on [XLsE7TGkTGaQGDHUHQK5Og][XLsE7TG][C:\eduair\elasticsearch\data\nodes\0] free: 10.6gb[13.2%], replicas will not be assigned to this node
[2017-04-09T14:06:01,526][INFO ][o.e.c.r.a.DiskThresholdMonitor] [XLsE7TG] low disk watermark [85%] exceeded on [XLsE7TGkTGaQGDHUHQK5Og][XLsE7TG][C:\eduair\elasticsearch\data\nodes\0] free: 10.6gb[13.2%], replicas will not be assigned to this node
[2017-04-09T14:06:31,525][INFO ][o.e.c.r.a.DiskThresholdMonitor] [XLsE7TG] low disk watermark [85%] exceeded on [XLsE7TGkTGaQGDHUHQK5Og][XLsE7TG][C:\eduair\elasticsearch\data\nodes\0] free: 10.6gb[13.2%], replicas will not be assigned to this node
[2017-04-09T14:07:01,523][INFO ][o.e.c.r.a.DiskThresholdMonitor] [XLsE7TG] low disk watermark [85%] exceeded on [XLsE7TGkTGaQGDHUHQK5Og][XLsE7TG][C:\eduair\elasticsearch\data\nodes\0] free: 10.6gb[13.2%], replicas will not be assigned to this node
[2017-04-09T14:07:31,524][INFO ][o.e.c.r.a.DiskThresholdMonitor] [XLsE7TG] low disk watermark [85%] exceeded on [XLsE7TGkTGaQGDHUHQK5Og][XLsE7TG][C:\eduair\elasticsearch\data\nodes\0] free: 10.6gb[13.2%], replicas will not be assigned to this node
[2017-04-09T14:08:01,521][INFO ][o.e.c.r.a.DiskThresholdMonitor] [XLsE7TG] low disk watermark [85%] exceeded on [XLsE7TGkTGaQGDHUHQK5Og][XLsE7TG][C:\eduair\elasticsearch\data\nodes\0] free: 10.6gb[13.2%], replicas will not be assigned to this node
[2017-04-09T14:08:31,522][INFO ][o.e.c.r.a.DiskThresholdMonitor] [XLsE7TG] low disk watermark [85%] exceeded on [XLsE7TGkTGaQGDHUHQK5Og][XLsE7TG][C:\eduair\elasticsearch\data\nodes\0] free: 10.6gb[13.2%], replicas will not be assigned to this node
[2017-04-09T14:09:01,520][INFO ][o.e.c.r.a.DiskThresholdMonitor] [XLsE7TG] low disk watermark [85%] exceeded on [XLsE7TGkTGaQGDHUHQK5Og][XLsE7TG][C:\eduair\elasticsearch\data\nodes\0] free: 10.6gb[13.2%], replicas will not be assigned to this node
[2017-04-09T14:09:31,520][INFO ][o.e.c.r.a.DiskThresholdMonitor] [XLsE7TG] low disk watermark [85%] exceeded on [XLsE7TGkTGaQGDHUHQK5Og][XLsE7TG][C:\eduair\elasticsearch\data\nodes\0] free: 10.6gb[13.2%], replicas will not be assigned to this node
[2017-04-09T14:10:01,517][INFO ][o.e.c.r.a.DiskThresholdMonitor] [XLsE7TG] low disk watermark [85%] exceeded on [XLsE7TGkTGaQGDHUHQK5Og][XLsE7TG][C:\eduair\elasticsearch\data\nodes\0] free: 10.6gb[13.2%], replicas will not be assigned to this node
[2017-04-09T14:10:31,519][INFO ][o.e.c.r.a.DiskThresholdMonitor] [XLsE7TG] low disk watermark [85%] exceeded on [XLsE7TGkTGaQGDHUHQK5Og][XLsE7TG][C:\eduair\elasticsearch\data\nodes\0] free: 10.6gb[13.2%], replicas will not be assigned to this node
[2017-04-09T14:11:01,517][INFO ][o.e.c.r.a.DiskThresholdMonitor] [XLsE7TG] low disk watermark [85%] exceeded on [XLsE7TGkTGaQGDHUHQK5Og][XLsE7TG][C:\eduair\elasticsearch\data\nodes\0] free: 10.6gb[13.2%], replicas will not be assigned to this node
[2017-04-09T14:11:31,518][INFO ][o.e.c.r.a.DiskThresholdMonitor] [XLsE7TG] low disk watermark [85%] exceeded on [XLsE7TGkTGaQGDHUHQK5Og][XLsE7TG][C:\eduair\elasticsearch\data\nodes\0] free: 10.6gb[13.2%], replicas will not be assigned to this node
[2017-04-09T14:12:01,516][INFO ][o.e.c.r.a.DiskThresholdMonitor] [XLsE7TG] low disk watermark [85%] exceeded on [XLsE7TGkTGaQGDHUHQK5Og][XLsE7TG][C:\eduair\elasticsearch\data\nodes\0] free: 10.6gb[13.2%], replicas will not be assigned to this node
[2017-04-09T14:12:31,516][INFO ][o.e.c.r.a.DiskThresholdMonitor] [XLsE7TG] low disk watermark [85%] exceeded on [XLsE7TGkTGaQGDHUHQK5Og][XLsE7TG][C:\eduair\elasticsearch\data\nodes\0] free: 10.6gb[13.2%], replicas will not be assigned to this node
[2017-04-09T14:13:01,513][INFO ][o.e.c.r.a.DiskThresholdMonitor] [XLsE7TG] low disk watermark [85%] exceeded on [XLsE7TGkTGaQGDHUHQK5Og][XLsE7TG][C:\eduair\elasticsearch\data\nodes\0] free: 10.6gb[13.2%], replicas will not be assigned to this node
[2017-04-09T14:13:31,511][INFO ][o.e.c.r.a.DiskThresholdMonitor] [XLsE7TG] low disk watermark [85%] exceeded on [XLsE7TGkTGaQGDHUHQK5Og][XLsE7TG][C:\eduair\elasticsearch\data\nodes\0] free: 10.6gb[13.2%], replicas will not be assigned to this node
[2017-04-09T14:14:01,510][INFO ][o.e.c.r.a.DiskThresholdMonitor] [XLsE7TG] low disk watermark [85%] exceeded on [XLsE7TGkTGaQGDHUHQK5Og][XLsE7TG][C:\eduair\elasticsearch\data\nodes\0] free: 10.6gb[13.2%], replicas will not be assigned to this node
[2017-04-09T14:14:31,508][INFO ][o.e.c.r.a.DiskThresholdMonitor] [XLsE7TG] low disk watermark [85%] exceeded on [XLsE7TGkTGaQGDHUHQK5Og][XLsE7TG][C:\eduair\elasticsearch\data\nodes\0] free: 10.6gb[13.2%], replicas will not be assigned to this node
[2017-04-09T14:15:01,506][INFO ][o.e.c.r.a.DiskThresholdMonitor] [XLsE7TG] low disk watermark [85%] exceeded on [XLsE7TGkTGaQGDHUHQK5Og][XLsE7TG][C:\eduair\elasticsearch\data\nodes\0] free: 10.6gb[13.2%], replicas will not be assigned to this node
[2017-04-09T14:15:31,502][INFO ][o.e.c.r.a.DiskThresholdMonitor] [XLsE7TG] low disk watermark [85%] exceeded on [XLsE7TGkTGaQGDHUHQK5Og][XLsE7TG][C:\eduair\elasticsearch\data\nodes\0] free: 10.6gb[13.2%], replicas will not be assigned to this node
[2017-04-09T14:16:01,501][INFO ][o.e.c.r.a.DiskThresholdMonitor] [XLsE7TG] low disk watermark [85%] exceeded on [XLsE7TGkTGaQGDHUHQK5Og][XLsE7TG][C:\eduair\elasticsearch\data\nodes\0] free: 10.6gb[13.2%], replicas will not be assigned to this node
[2017-04-09T14:16:31,500][INFO ][o.e.c.r.a.DiskThresholdMonitor] [XLsE7TG] low disk watermark [85%] exceeded on [XLsE7TGkTGaQGDHUHQK5Og][XLsE7TG][C:\eduair\elasticsearch\data\nodes\0] free: 10.6gb[13.2%], replicas will not be assigned to this node
[2017-04-09T14:17:01,497][INFO ][o.e.c.r.a.DiskThresholdMonitor] [XLsE7TG] low disk watermark [85%] exceeded on [XLsE7TGkTGaQGDHUHQK5Og][XLsE7TG][C:\eduair\elasticsearch\data\nodes\0] free: 10.6gb[13.2%], replicas will not be assigned to this node
[2017-04-09T14:17:31,500][INFO ][o.e.c.r.a.DiskThresholdMonitor] [XLsE7TG] low disk watermark [85%] exceeded on [XLsE7TGkTGaQGDHUHQK5Og][XLsE7TG][C:\eduair\elasticsearch\data\nodes\0] free: 10.6gb[13.2%], replicas will not be assigned to this node
[2017-04-09T14:18:01,497][INFO ][o.e.c.r.a.DiskThresholdMonitor] [XLsE7TG] low disk watermark [85%] exceeded on [XLsE7TGkTGaQGDHUHQK5Og][XLsE7TG][C:\eduair\elasticsearch\data\nodes\0] free: 10.6gb[13.2%], replicas will not be assigned to this node
[2017-04-09T14:18:31,495][INFO ][o.e.c.r.a.DiskThresholdMonitor] [XLsE7TG] low disk watermark [85%] exceeded on [XLsE7TGkTGaQGDHUHQK5Og][XLsE7TG][C:\eduair\elasticsearch\data\nodes\0] free: 10.6gb[13.2%], replicas will not be assigned to this node
[2017-04-09T14:19:01,493][INFO ][o.e.c.r.a.DiskThresholdMonitor] [XLsE7TG] low disk watermark [85%] exceeded on [XLsE7TGkTGaQGDHUHQK5Og][XLsE7TG][C:\eduair\elasticsearch\data\nodes\0] free: 10.6gb[13.2%], replicas will not be assigned to this node
[2017-04-09T14:19:31,493][INFO ][o.e.c.r.a.DiskThresholdMonitor] [XLsE7TG] low disk watermark [85%] exceeded on [XLsE7TGkTGaQGDHUHQK5Og][XLsE7TG][C:\eduair\elasticsearch\data\nodes\0] free: 10.6gb[13.2%], replicas will not be assigned to this node
[2017-04-09T14:20:01,490][INFO ][o.e.c.r.a.DiskThresholdMonitor] [XLsE7TG] low disk watermark [85%] exceeded on [XLsE7TGkTGaQGDHUHQK5Og][XLsE7TG][C:\eduair\elasticsearch\data\nodes\0] free: 10.6gb[13.2%], replicas will not be assigned to this node
[2017-04-09T14:20:31,489][INFO ][o.e.c.r.a.DiskThresholdMonitor] [XLsE7TG] low disk watermark [85%] exceeded on [XLsE7TGkTGaQGDHUHQK5Og][XLsE7TG][C:\eduair\elasticsearch\data\nodes\0] free: 10.6gb[13.2%], replicas will not be assigned to this node
[2017-04-09T14:21:01,490][INFO ][o.e.c.r.a.DiskThresholdMonitor] [XLsE7TG] low disk watermark [85%] exceeded on [XLsE7TGkTGaQGDHUHQK5Og][XLsE7TG][C:\eduair\elasticsearch\data\nodes\0] free: 10.6gb[13.2%], replicas will not be assigned to this node
[2017-04-09T14:21:31,488][INFO ][o.e.c.r.a.DiskThresholdMonitor] [XLsE7TG] low disk watermark [85%] exceeded on [XLsE7TGkTGaQGDHUHQK5Og][XLsE7TG][C:\eduair\elasticsearch\data\nodes\0] free: 10.6gb[13.2%], replicas will not be assigned to this node
[2017-04-09T14:22:01,487][INFO ][o.e.c.r.a.DiskThresholdMonitor] [XLsE7TG] low disk watermark [85%] exceeded on [XLsE7TGkTGaQGDHUHQK5Og][XLsE7TG][C:\eduair\elasticsearch\data\nodes\0] free: 10.6gb[13.2%], replicas will not be assigned to this node
[2017-04-09T14:22:31,486][INFO ][o.e.c.r.a.DiskThresholdMonitor] [XLsE7TG] low disk watermark [85%] exceeded on [XLsE7TGkTGaQGDHUHQK5Og][XLsE7TG][C:\eduair\elasticsearch\data\nodes\0] free: 10.6gb[13.2%], replicas will not be assigned to this node
[2017-04-09T14:23:01,484][INFO ][o.e.c.r.a.DiskThresholdMonitor] [XLsE7TG] low disk watermark [85%] exceeded on [XLsE7TGkTGaQGDHUHQK5Og][XLsE7TG][C:\eduair\elasticsearch\data\nodes\0] free: 10.6gb[13.2%], replicas will not be assigned to this node
[2017-04-09T14:23:31,487][INFO ][o.e.c.r.a.DiskThresholdMonitor] [XLsE7TG] low disk watermark [85%] exceeded on [XLsE7TGkTGaQGDHUHQK5Og][XLsE7TG][C:\eduair\elasticsearch\data\nodes\0] free: 10.6gb[13.2%], replicas will not be assigned to this node
[2017-04-09T14:24:01,484][INFO ][o.e.c.r.a.DiskThresholdMonitor] [XLsE7TG] low disk watermark [85%] exceeded on [XLsE7TGkTGaQGDHUHQK5Og][XLsE7TG][C:\eduair\elasticsearch\data\nodes\0] free: 10.6gb[13.2%], replicas will not be assigned to this node
[2017-04-09T14:24:31,485][INFO ][o.e.c.r.a.DiskThresholdMonitor] [XLsE7TG] low disk watermark [85%] exceeded on [XLsE7TGkTGaQGDHUHQK5Og][XLsE7TG][C:\eduair\elasticsearch\data\nodes\0] free: 10.6gb[13.2%], replicas will not be assigned to this node
[2017-04-09T14:25:01,481][INFO ][o.e.c.r.a.DiskThresholdMonitor] [XLsE7TG] low disk watermark [85%] exceeded on [XLsE7TGkTGaQGDHUHQK5Og][XLsE7TG][C:\eduair\elasticsearch\data\nodes\0] free: 10.6gb[13.2%], replicas will not be assigned to this node
[2017-04-09T14:25:31,480][INFO ][o.e.c.r.a.DiskThresholdMonitor] [XLsE7TG] low disk watermark [85%] exceeded on [XLsE7TGkTGaQGDHUHQK5Og][XLsE7TG][C:\eduair\elasticsearch\data\nodes\0] free: 10.6gb[13.2%], replicas will not be assigned to this node
[2017-04-09T14:26:01,477][INFO ][o.e.c.r.a.DiskThresholdMonitor] [XLsE7TG] low disk watermark [85%] exceeded on [XLsE7TGkTGaQGDHUHQK5Og][XLsE7TG][C:\eduair\elasticsearch\data\nodes\0] free: 10.6gb[13.2%], replicas will not be assigned to this node
[2017-04-09T14:26:31,477][INFO ][o.e.c.r.a.DiskThresholdMonitor] [XLsE7TG] low disk watermark [85%] exceeded on [XLsE7TGkTGaQGDHUHQK5Og][XLsE7TG][C:\eduair\elasticsearch\data\nodes\0] free: 10.6gb[13.2%], replicas will not be assigned to this node
[2017-04-09T14:27:01,475][INFO ][o.e.c.r.a.DiskThresholdMonitor] [XLsE7TG] low disk watermark [85%] exceeded on [XLsE7TGkTGaQGDHUHQK5Og][XLsE7TG][C:\eduair\elasticsearch\data\nodes\0] free: 10.6gb[13.2%], replicas will not be assigned to this node
[2017-04-09T14:27:31,476][INFO ][o.e.c.r.a.DiskThresholdMonitor] [XLsE7TG] low disk watermark [85%] exceeded on [XLsE7TGkTGaQGDHUHQK5Og][XLsE7TG][C:\eduair\elasticsearch\data\nodes\0] free: 10.6gb[13.2%], replicas will not be assigned to this node
[2017-04-09T14:28:01,479][INFO ][o.e.c.r.a.DiskThresholdMonitor] [XLsE7TG] low disk watermark [85%] exceeded on [XLsE7TGkTGaQGDHUHQK5Og][XLsE7TG][C:\eduair\elasticsearch\data\nodes\0] free: 10.6gb[13.2%], replicas will not be assigned to this node
[2017-04-09T14:28:31,477][INFO ][o.e.c.r.a.DiskThresholdMonitor] [XLsE7TG] low disk watermark [85%] exceeded on [XLsE7TGkTGaQGDHUHQK5Og][XLsE7TG][C:\eduair\elasticsearch\data\nodes\0] free: 10.6gb[13.2%], replicas will not be assigned to this node
[2017-04-09T14:29:01,477][INFO ][o.e.c.r.a.DiskThresholdMonitor] [XLsE7TG] low disk watermark [85%] exceeded on [XLsE7TGkTGaQGDHUHQK5Og][XLsE7TG][C:\eduair\elasticsearch\data\nodes\0] free: 10.6gb[13.2%], replicas will not be assigned to this node
[2017-04-09T14:29:31,474][INFO ][o.e.c.r.a.DiskThresholdMonitor] [XLsE7TG] low disk watermark [85%] exceeded on [XLsE7TGkTGaQGDHUHQK5Og][XLsE7TG][C:\eduair\elasticsearch\data\nodes\0] free: 10.6gb[13.2%], replicas will not be assigned to this node
[2017-04-09T14:30:01,474][INFO ][o.e.c.r.a.DiskThresholdMonitor] [XLsE7TG] low disk watermark [85%] exceeded on [XLsE7TGkTGaQGDHUHQK5Og][XLsE7TG][C:\eduair\elasticsearch\data\nodes\0] free: 10.6gb[13.2%], replicas will not be assigned to this node
[2017-04-09T14:30:31,472][INFO ][o.e.c.r.a.DiskThresholdMonitor] [XLsE7TG] low disk watermark [85%] exceeded on [XLsE7TGkTGaQGDHUHQK5Og][XLsE7TG][C:\eduair\elasticsearch\data\nodes\0] free: 10.6gb[13.2%], replicas will not be assigned to this node
[2017-04-09T14:31:01,470][INFO ][o.e.c.r.a.DiskThresholdMonitor] [XLsE7TG] low disk watermark [85%] exceeded on [XLsE7TGkTGaQGDHUHQK5Og][XLsE7TG][C:\eduair\elasticsearch\data\nodes\0] free: 10.6gb[13.2%], replicas will not be assigned to this node
[2017-04-09T14:31:31,472][INFO ][o.e.c.r.a.DiskThresholdMonitor] [XLsE7TG] low disk watermark [85%] exceeded on [XLsE7TGkTGaQGDHUHQK5Og][XLsE7TG][C:\eduair\elasticsearch\data\nodes\0] free: 10.6gb[13.2%], replicas will not be assigned to this node
[2017-04-09T14:32:01,469][INFO ][o.e.c.r.a.DiskThresholdMonitor] [XLsE7TG] low disk watermark [85%] exceeded on [XLsE7TGkTGaQGDHUHQK5Og][XLsE7TG][C:\eduair\elasticsearch\data\nodes\0] free: 10.6gb[13.2%], replicas will not be assigned to this node
[2017-04-09T14:32:31,468][INFO ][o.e.c.r.a.DiskThresholdMonitor] [XLsE7TG] low disk watermark [85%] exceeded on [XLsE7TGkTGaQGDHUHQK5Og][XLsE7TG][C:\eduair\elasticsearch\data\nodes\0] free: 10.6gb[13.2%], replicas will not be assigned to this node
[2017-04-09T14:33:01,467][INFO ][o.e.c.r.a.DiskThresholdMonitor] [XLsE7TG] low disk watermark [85%] exceeded on [XLsE7TGkTGaQGDHUHQK5Og][XLsE7TG][C:\eduair\elasticsearch\data\nodes\0] free: 10.6gb[13.2%], replicas will not be assigned to this node
[2017-04-09T14:33:31,471][INFO ][o.e.c.r.a.DiskThresholdMonitor] [XLsE7TG] low disk watermark [85%] exceeded on [XLsE7TGkTGaQGDHUHQK5Og][XLsE7TG][C:\eduair\elasticsearch\data\nodes\0] free: 10.6gb[13.2%], replicas will not be assigned to this node
[2017-04-09T14:34:01,469][INFO ][o.e.c.r.a.DiskThresholdMonitor] [XLsE7TG] low disk watermark [85%] exceeded on [XLsE7TGkTGaQGDHUHQK5Og][XLsE7TG][C:\eduair\elasticsearch\data\nodes\0] free: 10.6gb[13.2%], replicas will not be assigned to this node
[2017-04-09T14:34:31,468][INFO ][o.e.c.r.a.DiskThresholdMonitor] [XLsE7TG] low disk watermark [85%] exceeded on [XLsE7TGkTGaQGDHUHQK5Og][XLsE7TG][C:\eduair\elasticsearch\data\nodes\0] free: 10.6gb[13.2%], replicas will not be assigned to this node
[2017-04-09T14:35:01,464][INFO ][o.e.c.r.a.DiskThresholdMonitor] [XLsE7TG] low disk watermark [85%] exceeded on [XLsE7TGkTGaQGDHUHQK5Og][XLsE7TG][C:\eduair\elasticsearch\data\nodes\0] free: 10.6gb[13.2%], replicas will not be assigned to this node
[2017-04-09T14:35:31,464][INFO ][o.e.c.r.a.DiskThresholdMonitor] [XLsE7TG] low disk watermark [85%] exceeded on [XLsE7TGkTGaQGDHUHQK5Og][XLsE7TG][C:\eduair\elasticsearch\data\nodes\0] free: 10.6gb[13.2%], replicas will not be assigned to this node
[2017-04-09T14:36:01,464][INFO ][o.e.c.r.a.DiskThresholdMonitor] [XLsE7TG] low disk watermark [85%] exceeded on [XLsE7TGkTGaQGDHUHQK5Og][XLsE7TG][C:\eduair\elasticsearch\data\nodes\0] free: 10.6gb[13.2%], replicas will not be assigned to this node
[2017-04-09T14:36:31,461][INFO ][o.e.c.r.a.DiskThresholdMonitor] [XLsE7TG] low disk watermark [85%] exceeded on [XLsE7TGkTGaQGDHUHQK5Og][XLsE7TG][C:\eduair\elasticsearch\data\nodes\0] free: 10.6gb[13.2%], replicas will not be assigned to this node
[2017-04-09T14:37:01,460][INFO ][o.e.c.r.a.DiskThresholdMonitor] [XLsE7TG] low disk watermark [85%] exceeded on [XLsE7TGkTGaQGDHUHQK5Og][XLsE7TG][C:\eduair\elasticsearch\data\nodes\0] free: 10.6gb[13.2%], replicas will not be assigned to this node
[2017-04-09T14:37:31,458][INFO ][o.e.c.r.a.DiskThresholdMonitor] [XLsE7TG] low disk watermark [85%] exceeded on [XLsE7TGkTGaQGDHUHQK5Og][XLsE7TG][C:\eduair\elasticsearch\data\nodes\0] free: 10.6gb[13.2%], replicas will not be assigned to this node
[2017-04-09T14:38:01,456][INFO ][o.e.c.r.a.DiskThresholdMonitor] [XLsE7TG] low disk watermark [85%] exceeded on [XLsE7TGkTGaQGDHUHQK5Og][XLsE7TG][C:\eduair\elasticsearch\data\nodes\0] free: 10.6gb[13.2%], replicas will not be assigned to this node
[2017-04-09T14:38:31,459][INFO ][o.e.c.r.a.DiskThresholdMonitor] [XLsE7TG] low disk watermark [85%] exceeded on [XLsE7TGkTGaQGDHUHQK5Og][XLsE7TG][C:\eduair\elasticsearch\data\nodes\0] free: 10.6gb[13.2%], replicas will not be assigned to this node
[2017-04-09T14:39:01,460][INFO ][o.e.c.r.a.DiskThresholdMonitor] [XLsE7TG] low disk watermark [85%] exceeded on [XLsE7TGkTGaQGDHUHQK5Og][XLsE7TG][C:\eduair\elasticsearch\data\nodes\0] free: 10.6gb[13.2%], replicas will not be assigned to this node
[2017-04-09T14:39:31,457][INFO ][o.e.c.r.a.DiskThresholdMonitor] [XLsE7TG] low disk watermark [85%] exceeded on [XLsE7TGkTGaQGDHUHQK5Og][XLsE7TG][C:\eduair\elasticsearch\data\nodes\0] free: 10.6gb[13.2%], replicas will not be assigned to this node
[2017-04-09T14:40:01,454][INFO ][o.e.c.r.a.DiskThresholdMonitor] [XLsE7TG] low disk watermark [85%] exceeded on [XLsE7TGkTGaQGDHUHQK5Og][XLsE7TG][C:\eduair\elasticsearch\data\nodes\0] free: 10.6gb[13.2%], replicas will not be assigned to this node
[2017-04-09T14:40:31,451][INFO ][o.e.c.r.a.DiskThresholdMonitor] [XLsE7TG] low disk watermark [85%] exceeded on [XLsE7TGkTGaQGDHUHQK5Og][XLsE7TG][C:\eduair\elasticsearch\data\nodes\0] free: 10.6gb[13.2%], replicas will not be assigned to this node
[2017-04-09T14:41:01,450][INFO ][o.e.c.r.a.DiskThresholdMonitor] [XLsE7TG] low disk watermark [85%] exceeded on [XLsE7TGkTGaQGDHUHQK5Og][XLsE7TG][C:\eduair\elasticsearch\data\nodes\0] free: 10.6gb[13.2%], replicas will not be assigned to this node
[2017-04-09T14:41:31,446][INFO ][o.e.c.r.a.DiskThresholdMonitor] [XLsE7TG] low disk watermark [85%] exceeded on [XLsE7TGkTGaQGDHUHQK5Og][XLsE7TG][C:\eduair\elasticsearch\data\nodes\0] free: 10.6gb[13.2%], replicas will not be assigned to this node
[2017-04-09T14:42:01,445][INFO ][o.e.c.r.a.DiskThresholdMonitor] [XLsE7TG] low disk watermark [85%] exceeded on [XLsE7TGkTGaQGDHUHQK5Og][XLsE7TG][C:\eduair\elasticsearch\data\nodes\0] free: 10.6gb[13.2%], replicas will not be assigned to this node
[2017-04-09T14:42:31,429][INFO ][o.e.c.r.a.DiskThresholdMonitor] [XLsE7TG] low disk watermark [85%] exceeded on [XLsE7TGkTGaQGDHUHQK5Og][XLsE7TG][C:\eduair\elasticsearch\data\nodes\0] free: 10.6gb[13.2%], replicas will not be assigned to this node
