[2017-04-07T14:08:30,274][INFO ][o.e.n.Node               ] [ESNode] initializing ...
[2017-04-07T14:08:36,057][INFO ][o.e.e.NodeEnvironment    ] [ESNode] using [1] data paths, mounts [[(C:)]], net usable_space [10.8gb], net total_space [80.1gb], spins? [unknown], types [NTFS]
[2017-04-07T14:08:36,058][INFO ][o.e.e.NodeEnvironment    ] [ESNode] heap size [998.4mb], compressed ordinary object pointers [unknown]
[2017-04-07T14:08:36,067][INFO ][o.e.n.Node               ] [ESNode] node name [ESNode], node ID [XLsE7TGkTGaQGDHUHQK5Og]
[2017-04-07T14:08:36,068][INFO ][o.e.n.Node               ] [ESNode] version[5.3.0], pid[7576], build[3adb13b/2017-03-23T03:31:50.652Z], OS[Windows 7/6.1/x86], JVM[Oracle Corporation/Java HotSpot(TM) Client VM/1.8.0_121/25.121-b13]
[2017-04-07T14:43:03,342][INFO ][o.e.p.PluginsService     ] [ESNode] loaded module [aggs-matrix-stats]
[2017-04-07T14:43:03,473][INFO ][o.e.p.PluginsService     ] [ESNode] loaded module [ingest-common]
[2017-04-07T14:43:03,496][INFO ][o.e.p.PluginsService     ] [ESNode] loaded module [lang-expression]
[2017-04-07T14:43:03,511][INFO ][o.e.p.PluginsService     ] [ESNode] loaded module [lang-groovy]
[2017-04-07T14:43:05,080][INFO ][o.e.p.PluginsService     ] [ESNode] loaded module [lang-mustache]
[2017-04-07T14:43:05,085][INFO ][o.e.p.PluginsService     ] [ESNode] loaded module [lang-painless]
[2017-04-07T14:43:05,091][INFO ][o.e.p.PluginsService     ] [ESNode] loaded module [percolator]
[2017-04-07T14:43:05,091][INFO ][o.e.p.PluginsService     ] [ESNode] loaded module [reindex]
[2017-04-07T14:43:05,092][INFO ][o.e.p.PluginsService     ] [ESNode] loaded module [transport-netty3]
[2017-04-07T14:43:05,093][INFO ][o.e.p.PluginsService     ] [ESNode] loaded module [transport-netty4]
[2017-04-07T14:43:05,094][INFO ][o.e.p.PluginsService     ] [ESNode] no plugins loaded
[2017-04-07T14:47:44,742][INFO ][o.e.n.Node               ] [ESNode] initialized
[2017-04-07T14:47:44,827][INFO ][o.e.n.Node               ] [ESNode] starting ...
[2017-04-07T14:48:03,170][INFO ][o.e.t.TransportService   ] [ESNode] publish_address {127.0.0.1:9300}, bound_addresses {127.0.0.1:9300}, {[::1]:9300}
[2017-04-07T14:48:04,108][WARN ][o.e.b.BootstrapChecks    ] [ESNode] JVM is using the client VM [Java HotSpot(TM) Client VM] but should be using a server VM for the best performance
[2017-04-07T14:48:11,053][INFO ][o.e.c.s.ClusterService   ] [ESNode] new_master {ESNode}{XLsE7TGkTGaQGDHUHQK5Og}{xlB-OZZKSoSunemEq7wmzg}{127.0.0.1}{127.0.0.1:9300}, reason: zen-disco-elected-as-master ([0] nodes joined)
[2017-04-07T14:48:14,668][INFO ][o.e.g.GatewayService     ] [ESNode] recovered [0] indices into cluster_state
[2017-04-07T14:48:15,765][INFO ][o.e.h.n.Netty4HttpServerTransport] [ESNode] publish_address {127.0.0.1:9200}, bound_addresses {127.0.0.1:9200}, {[::1]:9200}
[2017-04-07T14:48:16,293][INFO ][o.e.n.Node               ] [ESNode] started
[2017-04-07T14:48:41,555][INFO ][o.e.c.r.a.DiskThresholdMonitor] [ESNode] low disk watermark [85%] exceeded on [XLsE7TGkTGaQGDHUHQK5Og][ESNode][C:\eduair\elasticsearch\data\nodes\0] free: 10.8gb[13.5%], replicas will not be assigned to this node
[2017-04-07T14:49:11,555][INFO ][o.e.c.r.a.DiskThresholdMonitor] [ESNode] low disk watermark [85%] exceeded on [XLsE7TGkTGaQGDHUHQK5Og][ESNode][C:\eduair\elasticsearch\data\nodes\0] free: 10.8gb[13.5%], replicas will not be assigned to this node
[2017-04-07T14:49:41,553][INFO ][o.e.c.r.a.DiskThresholdMonitor] [ESNode] low disk watermark [85%] exceeded on [XLsE7TGkTGaQGDHUHQK5Og][ESNode][C:\eduair\elasticsearch\data\nodes\0] free: 10.8gb[13.5%], replicas will not be assigned to this node
[2017-04-07T14:50:11,551][INFO ][o.e.c.r.a.DiskThresholdMonitor] [ESNode] low disk watermark [85%] exceeded on [XLsE7TGkTGaQGDHUHQK5Og][ESNode][C:\eduair\elasticsearch\data\nodes\0] free: 10.8gb[13.5%], replicas will not be assigned to this node
[2017-04-07T14:50:41,553][INFO ][o.e.c.r.a.DiskThresholdMonitor] [ESNode] low disk watermark [85%] exceeded on [XLsE7TGkTGaQGDHUHQK5Og][ESNode][C:\eduair\elasticsearch\data\nodes\0] free: 10.8gb[13.5%], replicas will not be assigned to this node
[2017-04-07T14:51:11,558][INFO ][o.e.c.r.a.DiskThresholdMonitor] [ESNode] low disk watermark [85%] exceeded on [XLsE7TGkTGaQGDHUHQK5Og][ESNode][C:\eduair\elasticsearch\data\nodes\0] free: 10.8gb[13.5%], replicas will not be assigned to this node
[2017-04-07T14:51:41,697][INFO ][o.e.c.r.a.DiskThresholdMonitor] [ESNode] low disk watermark [85%] exceeded on [XLsE7TGkTGaQGDHUHQK5Og][ESNode][C:\eduair\elasticsearch\data\nodes\0] free: 10.8gb[13.5%], replicas will not be assigned to this node
[2017-04-07T14:52:11,697][INFO ][o.e.c.r.a.DiskThresholdMonitor] [ESNode] low disk watermark [85%] exceeded on [XLsE7TGkTGaQGDHUHQK5Og][ESNode][C:\eduair\elasticsearch\data\nodes\0] free: 10.8gb[13.5%], replicas will not be assigned to this node
[2017-04-07T14:52:41,696][INFO ][o.e.c.r.a.DiskThresholdMonitor] [ESNode] low disk watermark [85%] exceeded on [XLsE7TGkTGaQGDHUHQK5Og][ESNode][C:\eduair\elasticsearch\data\nodes\0] free: 10.8gb[13.5%], replicas will not be assigned to this node
[2017-04-07T14:53:11,694][INFO ][o.e.c.r.a.DiskThresholdMonitor] [ESNode] low disk watermark [85%] exceeded on [XLsE7TGkTGaQGDHUHQK5Og][ESNode][C:\eduair\elasticsearch\data\nodes\0] free: 10.8gb[13.5%], replicas will not be assigned to this node
[2017-04-07T14:53:41,693][INFO ][o.e.c.r.a.DiskThresholdMonitor] [ESNode] low disk watermark [85%] exceeded on [XLsE7TGkTGaQGDHUHQK5Og][ESNode][C:\eduair\elasticsearch\data\nodes\0] free: 10.8gb[13.5%], replicas will not be assigned to this node
[2017-04-07T14:54:11,733][INFO ][o.e.c.r.a.DiskThresholdMonitor] [ESNode] low disk watermark [85%] exceeded on [XLsE7TGkTGaQGDHUHQK5Og][ESNode][C:\eduair\elasticsearch\data\nodes\0] free: 10.8gb[13.5%], replicas will not be assigned to this node
[2017-04-07T14:54:41,731][INFO ][o.e.c.r.a.DiskThresholdMonitor] [ESNode] low disk watermark [85%] exceeded on [XLsE7TGkTGaQGDHUHQK5Og][ESNode][C:\eduair\elasticsearch\data\nodes\0] free: 10.8gb[13.5%], replicas will not be assigned to this node
[2017-04-07T14:55:11,734][INFO ][o.e.c.r.a.DiskThresholdMonitor] [ESNode] low disk watermark [85%] exceeded on [XLsE7TGkTGaQGDHUHQK5Og][ESNode][C:\eduair\elasticsearch\data\nodes\0] free: 10.8gb[13.5%], replicas will not be assigned to this node
[2017-04-07T14:55:41,730][INFO ][o.e.c.r.a.DiskThresholdMonitor] [ESNode] low disk watermark [85%] exceeded on [XLsE7TGkTGaQGDHUHQK5Og][ESNode][C:\eduair\elasticsearch\data\nodes\0] free: 10.8gb[13.5%], replicas will not be assigned to this node
[2017-04-07T14:56:11,732][INFO ][o.e.c.r.a.DiskThresholdMonitor] [ESNode] low disk watermark [85%] exceeded on [XLsE7TGkTGaQGDHUHQK5Og][ESNode][C:\eduair\elasticsearch\data\nodes\0] free: 10.8gb[13.5%], replicas will not be assigned to this node
[2017-04-07T14:56:41,731][INFO ][o.e.c.r.a.DiskThresholdMonitor] [ESNode] low disk watermark [85%] exceeded on [XLsE7TGkTGaQGDHUHQK5Og][ESNode][C:\eduair\elasticsearch\data\nodes\0] free: 10.8gb[13.5%], replicas will not be assigned to this node
[2017-04-07T14:57:11,729][INFO ][o.e.c.r.a.DiskThresholdMonitor] [ESNode] low disk watermark [85%] exceeded on [XLsE7TGkTGaQGDHUHQK5Og][ESNode][C:\eduair\elasticsearch\data\nodes\0] free: 10.8gb[13.5%], replicas will not be assigned to this node
[2017-04-07T14:57:41,730][INFO ][o.e.c.r.a.DiskThresholdMonitor] [ESNode] low disk watermark [85%] exceeded on [XLsE7TGkTGaQGDHUHQK5Og][ESNode][C:\eduair\elasticsearch\data\nodes\0] free: 10.8gb[13.5%], replicas will not be assigned to this node
[2017-04-07T14:58:11,728][INFO ][o.e.c.r.a.DiskThresholdMonitor] [ESNode] low disk watermark [85%] exceeded on [XLsE7TGkTGaQGDHUHQK5Og][ESNode][C:\eduair\elasticsearch\data\nodes\0] free: 10.8gb[13.5%], replicas will not be assigned to this node
[2017-04-07T14:58:41,729][INFO ][o.e.c.r.a.DiskThresholdMonitor] [ESNode] low disk watermark [85%] exceeded on [XLsE7TGkTGaQGDHUHQK5Og][ESNode][C:\eduair\elasticsearch\data\nodes\0] free: 10.8gb[13.5%], replicas will not be assigned to this node
[2017-04-07T14:59:11,728][INFO ][o.e.c.r.a.DiskThresholdMonitor] [ESNode] low disk watermark [85%] exceeded on [XLsE7TGkTGaQGDHUHQK5Og][ESNode][C:\eduair\elasticsearch\data\nodes\0] free: 10.8gb[13.5%], replicas will not be assigned to this node
[2017-04-07T14:59:41,726][INFO ][o.e.c.r.a.DiskThresholdMonitor] [ESNode] low disk watermark [85%] exceeded on [XLsE7TGkTGaQGDHUHQK5Og][ESNode][C:\eduair\elasticsearch\data\nodes\0] free: 10.8gb[13.5%], replicas will not be assigned to this node
[2017-04-07T15:00:11,729][INFO ][o.e.c.r.a.DiskThresholdMonitor] [ESNode] low disk watermark [85%] exceeded on [XLsE7TGkTGaQGDHUHQK5Og][ESNode][C:\eduair\elasticsearch\data\nodes\0] free: 10.8gb[13.5%], replicas will not be assigned to this node
[2017-04-07T15:00:41,729][INFO ][o.e.c.r.a.DiskThresholdMonitor] [ESNode] low disk watermark [85%] exceeded on [XLsE7TGkTGaQGDHUHQK5Og][ESNode][C:\eduair\elasticsearch\data\nodes\0] free: 10.8gb[13.5%], replicas will not be assigned to this node
[2017-04-07T15:01:11,836][INFO ][o.e.c.r.a.DiskThresholdMonitor] [ESNode] low disk watermark [85%] exceeded on [XLsE7TGkTGaQGDHUHQK5Og][ESNode][C:\eduair\elasticsearch\data\nodes\0] free: 10.8gb[13.5%], replicas will not be assigned to this node
[2017-04-07T15:01:41,838][INFO ][o.e.c.r.a.DiskThresholdMonitor] [ESNode] low disk watermark [85%] exceeded on [XLsE7TGkTGaQGDHUHQK5Og][ESNode][C:\eduair\elasticsearch\data\nodes\0] free: 10.8gb[13.5%], replicas will not be assigned to this node
[2017-04-07T15:02:11,839][INFO ][o.e.c.r.a.DiskThresholdMonitor] [ESNode] low disk watermark [85%] exceeded on [XLsE7TGkTGaQGDHUHQK5Og][ESNode][C:\eduair\elasticsearch\data\nodes\0] free: 10.8gb[13.5%], replicas will not be assigned to this node
[2017-04-07T15:02:41,836][INFO ][o.e.c.r.a.DiskThresholdMonitor] [ESNode] low disk watermark [85%] exceeded on [XLsE7TGkTGaQGDHUHQK5Og][ESNode][C:\eduair\elasticsearch\data\nodes\0] free: 10.8gb[13.5%], replicas will not be assigned to this node
[2017-04-07T15:03:11,838][INFO ][o.e.c.r.a.DiskThresholdMonitor] [ESNode] low disk watermark [85%] exceeded on [XLsE7TGkTGaQGDHUHQK5Og][ESNode][C:\eduair\elasticsearch\data\nodes\0] free: 10.8gb[13.5%], replicas will not be assigned to this node
[2017-04-07T15:03:41,840][INFO ][o.e.c.r.a.DiskThresholdMonitor] [ESNode] low disk watermark [85%] exceeded on [XLsE7TGkTGaQGDHUHQK5Og][ESNode][C:\eduair\elasticsearch\data\nodes\0] free: 10.8gb[13.5%], replicas will not be assigned to this node
[2017-04-07T15:04:11,885][INFO ][o.e.c.r.a.DiskThresholdMonitor] [ESNode] low disk watermark [85%] exceeded on [XLsE7TGkTGaQGDHUHQK5Og][ESNode][C:\eduair\elasticsearch\data\nodes\0] free: 10.8gb[13.5%], replicas will not be assigned to this node
[2017-04-07T15:04:41,883][INFO ][o.e.c.r.a.DiskThresholdMonitor] [ESNode] low disk watermark [85%] exceeded on [XLsE7TGkTGaQGDHUHQK5Og][ESNode][C:\eduair\elasticsearch\data\nodes\0] free: 10.8gb[13.5%], replicas will not be assigned to this node
[2017-04-07T15:05:11,908][INFO ][o.e.c.r.a.DiskThresholdMonitor] [ESNode] low disk watermark [85%] exceeded on [XLsE7TGkTGaQGDHUHQK5Og][ESNode][C:\eduair\elasticsearch\data\nodes\0] free: 10.8gb[13.5%], replicas will not be assigned to this node
[2017-04-07T15:05:41,907][INFO ][o.e.c.r.a.DiskThresholdMonitor] [ESNode] low disk watermark [85%] exceeded on [XLsE7TGkTGaQGDHUHQK5Og][ESNode][C:\eduair\elasticsearch\data\nodes\0] free: 10.8gb[13.5%], replicas will not be assigned to this node
[2017-04-07T15:06:12,715][INFO ][o.e.c.r.a.DiskThresholdMonitor] [ESNode] low disk watermark [85%] exceeded on [XLsE7TGkTGaQGDHUHQK5Og][ESNode][C:\eduair\elasticsearch\data\nodes\0] free: 10.8gb[13.5%], replicas will not be assigned to this node
[2017-04-07T15:06:42,698][INFO ][o.e.c.r.a.DiskThresholdMonitor] [ESNode] low disk watermark [85%] exceeded on [XLsE7TGkTGaQGDHUHQK5Og][ESNode][C:\eduair\elasticsearch\data\nodes\0] free: 10.8gb[13.5%], replicas will not be assigned to this node
[2017-04-07T15:07:12,814][INFO ][o.e.c.r.a.DiskThresholdMonitor] [ESNode] low disk watermark [85%] exceeded on [XLsE7TGkTGaQGDHUHQK5Og][ESNode][C:\eduair\elasticsearch\data\nodes\0] free: 10.8gb[13.5%], replicas will not be assigned to this node
[2017-04-07T15:07:42,810][INFO ][o.e.c.r.a.DiskThresholdMonitor] [ESNode] low disk watermark [85%] exceeded on [XLsE7TGkTGaQGDHUHQK5Og][ESNode][C:\eduair\elasticsearch\data\nodes\0] free: 10.8gb[13.5%], replicas will not be assigned to this node
[2017-04-07T15:08:12,811][INFO ][o.e.c.r.a.DiskThresholdMonitor] [ESNode] low disk watermark [85%] exceeded on [XLsE7TGkTGaQGDHUHQK5Og][ESNode][C:\eduair\elasticsearch\data\nodes\0] free: 10.8gb[13.5%], replicas will not be assigned to this node
[2017-04-07T15:08:42,857][INFO ][o.e.c.r.a.DiskThresholdMonitor] [ESNode] low disk watermark [85%] exceeded on [XLsE7TGkTGaQGDHUHQK5Og][ESNode][C:\eduair\elasticsearch\data\nodes\0] free: 10.8gb[13.5%], replicas will not be assigned to this node
[2017-04-07T15:09:12,858][INFO ][o.e.c.r.a.DiskThresholdMonitor] [ESNode] low disk watermark [85%] exceeded on [XLsE7TGkTGaQGDHUHQK5Og][ESNode][C:\eduair\elasticsearch\data\nodes\0] free: 10.8gb[13.5%], replicas will not be assigned to this node
[2017-04-07T15:09:42,860][INFO ][o.e.c.r.a.DiskThresholdMonitor] [ESNode] low disk watermark [85%] exceeded on [XLsE7TGkTGaQGDHUHQK5Og][ESNode][C:\eduair\elasticsearch\data\nodes\0] free: 10.8gb[13.5%], replicas will not be assigned to this node
[2017-04-07T15:10:12,861][INFO ][o.e.c.r.a.DiskThresholdMonitor] [ESNode] low disk watermark [85%] exceeded on [XLsE7TGkTGaQGDHUHQK5Og][ESNode][C:\eduair\elasticsearch\data\nodes\0] free: 10.8gb[13.5%], replicas will not be assigned to this node
[2017-04-07T15:10:42,860][INFO ][o.e.c.r.a.DiskThresholdMonitor] [ESNode] low disk watermark [85%] exceeded on [XLsE7TGkTGaQGDHUHQK5Og][ESNode][C:\eduair\elasticsearch\data\nodes\0] free: 10.8gb[13.5%], replicas will not be assigned to this node
[2017-04-07T15:11:12,860][INFO ][o.e.c.r.a.DiskThresholdMonitor] [ESNode] low disk watermark [85%] exceeded on [XLsE7TGkTGaQGDHUHQK5Og][ESNode][C:\eduair\elasticsearch\data\nodes\0] free: 10.8gb[13.5%], replicas will not be assigned to this node
[2017-04-07T15:11:42,862][INFO ][o.e.c.r.a.DiskThresholdMonitor] [ESNode] low disk watermark [85%] exceeded on [XLsE7TGkTGaQGDHUHQK5Og][ESNode][C:\eduair\elasticsearch\data\nodes\0] free: 10.8gb[13.5%], replicas will not be assigned to this node
[2017-04-07T15:12:12,859][INFO ][o.e.c.r.a.DiskThresholdMonitor] [ESNode] low disk watermark [85%] exceeded on [XLsE7TGkTGaQGDHUHQK5Og][ESNode][C:\eduair\elasticsearch\data\nodes\0] free: 10.8gb[13.5%], replicas will not be assigned to this node
[2017-04-07T15:12:42,857][INFO ][o.e.c.r.a.DiskThresholdMonitor] [ESNode] low disk watermark [85%] exceeded on [XLsE7TGkTGaQGDHUHQK5Og][ESNode][C:\eduair\elasticsearch\data\nodes\0] free: 10.8gb[13.5%], replicas will not be assigned to this node
[2017-04-07T15:13:12,854][INFO ][o.e.c.r.a.DiskThresholdMonitor] [ESNode] low disk watermark [85%] exceeded on [XLsE7TGkTGaQGDHUHQK5Og][ESNode][C:\eduair\elasticsearch\data\nodes\0] free: 10.8gb[13.5%], replicas will not be assigned to this node
[2017-04-07T15:13:42,869][INFO ][o.e.c.r.a.DiskThresholdMonitor] [ESNode] low disk watermark [85%] exceeded on [XLsE7TGkTGaQGDHUHQK5Og][ESNode][C:\eduair\elasticsearch\data\nodes\0] free: 10.8gb[13.5%], replicas will not be assigned to this node
[2017-04-07T15:14:12,872][INFO ][o.e.c.r.a.DiskThresholdMonitor] [ESNode] low disk watermark [85%] exceeded on [XLsE7TGkTGaQGDHUHQK5Og][ESNode][C:\eduair\elasticsearch\data\nodes\0] free: 10.8gb[13.5%], replicas will not be assigned to this node
[2017-04-07T15:14:42,868][INFO ][o.e.c.r.a.DiskThresholdMonitor] [ESNode] low disk watermark [85%] exceeded on [XLsE7TGkTGaQGDHUHQK5Og][ESNode][C:\eduair\elasticsearch\data\nodes\0] free: 10.8gb[13.5%], replicas will not be assigned to this node
[2017-04-07T15:15:12,869][INFO ][o.e.c.r.a.DiskThresholdMonitor] [ESNode] low disk watermark [85%] exceeded on [XLsE7TGkTGaQGDHUHQK5Og][ESNode][C:\eduair\elasticsearch\data\nodes\0] free: 10.8gb[13.5%], replicas will not be assigned to this node
[2017-04-07T15:15:42,867][INFO ][o.e.c.r.a.DiskThresholdMonitor] [ESNode] low disk watermark [85%] exceeded on [XLsE7TGkTGaQGDHUHQK5Og][ESNode][C:\eduair\elasticsearch\data\nodes\0] free: 10.8gb[13.5%], replicas will not be assigned to this node
[2017-04-07T15:16:12,870][INFO ][o.e.c.r.a.DiskThresholdMonitor] [ESNode] low disk watermark [85%] exceeded on [XLsE7TGkTGaQGDHUHQK5Og][ESNode][C:\eduair\elasticsearch\data\nodes\0] free: 10.8gb[13.5%], replicas will not be assigned to this node
[2017-04-07T15:16:42,873][INFO ][o.e.c.r.a.DiskThresholdMonitor] [ESNode] low disk watermark [85%] exceeded on [XLsE7TGkTGaQGDHUHQK5Og][ESNode][C:\eduair\elasticsearch\data\nodes\0] free: 10.8gb[13.5%], replicas will not be assigned to this node
[2017-04-07T15:17:12,875][INFO ][o.e.c.r.a.DiskThresholdMonitor] [ESNode] low disk watermark [85%] exceeded on [XLsE7TGkTGaQGDHUHQK5Og][ESNode][C:\eduair\elasticsearch\data\nodes\0] free: 10.8gb[13.5%], replicas will not be assigned to this node
[2017-04-07T15:17:42,872][INFO ][o.e.c.r.a.DiskThresholdMonitor] [ESNode] low disk watermark [85%] exceeded on [XLsE7TGkTGaQGDHUHQK5Og][ESNode][C:\eduair\elasticsearch\data\nodes\0] free: 10.8gb[13.5%], replicas will not be assigned to this node
[2017-04-07T15:18:12,868][INFO ][o.e.c.r.a.DiskThresholdMonitor] [ESNode] low disk watermark [85%] exceeded on [XLsE7TGkTGaQGDHUHQK5Og][ESNode][C:\eduair\elasticsearch\data\nodes\0] free: 10.8gb[13.5%], replicas will not be assigned to this node
[2017-04-07T15:18:43,306][INFO ][o.e.c.r.a.DiskThresholdMonitor] [ESNode] low disk watermark [85%] exceeded on [XLsE7TGkTGaQGDHUHQK5Og][ESNode][C:\eduair\elasticsearch\data\nodes\0] free: 10.8gb[13.5%], replicas will not be assigned to this node
[2017-04-07T15:19:13,308][INFO ][o.e.c.r.a.DiskThresholdMonitor] [ESNode] low disk watermark [85%] exceeded on [XLsE7TGkTGaQGDHUHQK5Og][ESNode][C:\eduair\elasticsearch\data\nodes\0] free: 10.8gb[13.5%], replicas will not be assigned to this node
[2017-04-07T15:19:43,312][INFO ][o.e.c.r.a.DiskThresholdMonitor] [ESNode] low disk watermark [85%] exceeded on [XLsE7TGkTGaQGDHUHQK5Og][ESNode][C:\eduair\elasticsearch\data\nodes\0] free: 10.8gb[13.5%], replicas will not be assigned to this node
[2017-04-07T15:20:13,309][INFO ][o.e.c.r.a.DiskThresholdMonitor] [ESNode] low disk watermark [85%] exceeded on [XLsE7TGkTGaQGDHUHQK5Og][ESNode][C:\eduair\elasticsearch\data\nodes\0] free: 10.8gb[13.5%], replicas will not be assigned to this node
[2017-04-07T15:20:43,312][INFO ][o.e.c.r.a.DiskThresholdMonitor] [ESNode] low disk watermark [85%] exceeded on [XLsE7TGkTGaQGDHUHQK5Og][ESNode][C:\eduair\elasticsearch\data\nodes\0] free: 10.8gb[13.5%], replicas will not be assigned to this node
[2017-04-07T15:21:13,310][INFO ][o.e.c.r.a.DiskThresholdMonitor] [ESNode] low disk watermark [85%] exceeded on [XLsE7TGkTGaQGDHUHQK5Og][ESNode][C:\eduair\elasticsearch\data\nodes\0] free: 10.8gb[13.5%], replicas will not be assigned to this node
[2017-04-07T15:21:43,314][INFO ][o.e.c.r.a.DiskThresholdMonitor] [ESNode] low disk watermark [85%] exceeded on [XLsE7TGkTGaQGDHUHQK5Og][ESNode][C:\eduair\elasticsearch\data\nodes\0] free: 10.8gb[13.5%], replicas will not be assigned to this node
[2017-04-07T15:22:13,314][INFO ][o.e.c.r.a.DiskThresholdMonitor] [ESNode] low disk watermark [85%] exceeded on [XLsE7TGkTGaQGDHUHQK5Og][ESNode][C:\eduair\elasticsearch\data\nodes\0] free: 10.8gb[13.5%], replicas will not be assigned to this node
[2017-04-07T15:22:43,313][INFO ][o.e.c.r.a.DiskThresholdMonitor] [ESNode] low disk watermark [85%] exceeded on [XLsE7TGkTGaQGDHUHQK5Og][ESNode][C:\eduair\elasticsearch\data\nodes\0] free: 10.8gb[13.5%], replicas will not be assigned to this node
[2017-04-07T15:23:13,312][INFO ][o.e.c.r.a.DiskThresholdMonitor] [ESNode] low disk watermark [85%] exceeded on [XLsE7TGkTGaQGDHUHQK5Og][ESNode][C:\eduair\elasticsearch\data\nodes\0] free: 10.8gb[13.5%], replicas will not be assigned to this node
[2017-04-07T15:23:43,314][INFO ][o.e.c.r.a.DiskThresholdMonitor] [ESNode] low disk watermark [85%] exceeded on [XLsE7TGkTGaQGDHUHQK5Og][ESNode][C:\eduair\elasticsearch\data\nodes\0] free: 10.5gb[13.1%], replicas will not be assigned to this node
[2017-04-07T15:24:13,315][INFO ][o.e.c.r.a.DiskThresholdMonitor] [ESNode] low disk watermark [85%] exceeded on [XLsE7TGkTGaQGDHUHQK5Og][ESNode][C:\eduair\elasticsearch\data\nodes\0] free: 10.5gb[13.1%], replicas will not be assigned to this node
[2017-04-07T15:24:44,812][INFO ][o.e.c.r.a.DiskThresholdMonitor] [ESNode] low disk watermark [85%] exceeded on [XLsE7TGkTGaQGDHUHQK5Og][ESNode][C:\eduair\elasticsearch\data\nodes\0] free: 10.5gb[13.1%], replicas will not be assigned to this node
[2017-04-07T15:25:14,813][INFO ][o.e.c.r.a.DiskThresholdMonitor] [ESNode] low disk watermark [85%] exceeded on [XLsE7TGkTGaQGDHUHQK5Og][ESNode][C:\eduair\elasticsearch\data\nodes\0] free: 10.5gb[13.1%], replicas will not be assigned to this node
[2017-04-07T15:25:44,809][INFO ][o.e.c.r.a.DiskThresholdMonitor] [ESNode] low disk watermark [85%] exceeded on [XLsE7TGkTGaQGDHUHQK5Og][ESNode][C:\eduair\elasticsearch\data\nodes\0] free: 10.5gb[13.1%], replicas will not be assigned to this node
[2017-04-07T15:26:14,812][INFO ][o.e.c.r.a.DiskThresholdMonitor] [ESNode] low disk watermark [85%] exceeded on [XLsE7TGkTGaQGDHUHQK5Og][ESNode][C:\eduair\elasticsearch\data\nodes\0] free: 10.5gb[13.1%], replicas will not be assigned to this node
[2017-04-07T15:26:44,810][INFO ][o.e.c.r.a.DiskThresholdMonitor] [ESNode] low disk watermark [85%] exceeded on [XLsE7TGkTGaQGDHUHQK5Og][ESNode][C:\eduair\elasticsearch\data\nodes\0] free: 10.5gb[13.1%], replicas will not be assigned to this node
[2017-04-07T15:27:14,812][INFO ][o.e.c.r.a.DiskThresholdMonitor] [ESNode] low disk watermark [85%] exceeded on [XLsE7TGkTGaQGDHUHQK5Og][ESNode][C:\eduair\elasticsearch\data\nodes\0] free: 10.5gb[13.1%], replicas will not be assigned to this node
[2017-04-07T15:27:44,813][INFO ][o.e.c.r.a.DiskThresholdMonitor] [ESNode] low disk watermark [85%] exceeded on [XLsE7TGkTGaQGDHUHQK5Og][ESNode][C:\eduair\elasticsearch\data\nodes\0] free: 10.5gb[13.1%], replicas will not be assigned to this node
[2017-04-07T15:28:14,811][INFO ][o.e.c.r.a.DiskThresholdMonitor] [ESNode] low disk watermark [85%] exceeded on [XLsE7TGkTGaQGDHUHQK5Og][ESNode][C:\eduair\elasticsearch\data\nodes\0] free: 10.5gb[13.1%], replicas will not be assigned to this node
[2017-04-07T15:28:44,814][INFO ][o.e.c.r.a.DiskThresholdMonitor] [ESNode] low disk watermark [85%] exceeded on [XLsE7TGkTGaQGDHUHQK5Og][ESNode][C:\eduair\elasticsearch\data\nodes\0] free: 10.5gb[13.1%], replicas will not be assigned to this node
[2017-04-07T15:29:14,814][INFO ][o.e.c.r.a.DiskThresholdMonitor] [ESNode] low disk watermark [85%] exceeded on [XLsE7TGkTGaQGDHUHQK5Og][ESNode][C:\eduair\elasticsearch\data\nodes\0] free: 10.5gb[13.1%], replicas will not be assigned to this node
[2017-04-07T15:29:44,811][INFO ][o.e.c.r.a.DiskThresholdMonitor] [ESNode] low disk watermark [85%] exceeded on [XLsE7TGkTGaQGDHUHQK5Og][ESNode][C:\eduair\elasticsearch\data\nodes\0] free: 10.5gb[13.1%], replicas will not be assigned to this node
[2017-04-07T15:30:14,812][INFO ][o.e.c.r.a.DiskThresholdMonitor] [ESNode] low disk watermark [85%] exceeded on [XLsE7TGkTGaQGDHUHQK5Og][ESNode][C:\eduair\elasticsearch\data\nodes\0] free: 10.5gb[13.1%], replicas will not be assigned to this node
[2017-04-07T15:30:44,810][INFO ][o.e.c.r.a.DiskThresholdMonitor] [ESNode] low disk watermark [85%] exceeded on [XLsE7TGkTGaQGDHUHQK5Og][ESNode][C:\eduair\elasticsearch\data\nodes\0] free: 10.5gb[13.1%], replicas will not be assigned to this node
[2017-04-07T15:31:14,812][INFO ][o.e.c.r.a.DiskThresholdMonitor] [ESNode] low disk watermark [85%] exceeded on [XLsE7TGkTGaQGDHUHQK5Og][ESNode][C:\eduair\elasticsearch\data\nodes\0] free: 10.5gb[13.1%], replicas will not be assigned to this node
[2017-04-07T15:31:44,815][INFO ][o.e.c.r.a.DiskThresholdMonitor] [ESNode] low disk watermark [85%] exceeded on [XLsE7TGkTGaQGDHUHQK5Og][ESNode][C:\eduair\elasticsearch\data\nodes\0] free: 10.5gb[13.1%], replicas will not be assigned to this node
[2017-04-07T15:32:14,812][INFO ][o.e.c.r.a.DiskThresholdMonitor] [ESNode] low disk watermark [85%] exceeded on [XLsE7TGkTGaQGDHUHQK5Og][ESNode][C:\eduair\elasticsearch\data\nodes\0] free: 10.5gb[13.1%], replicas will not be assigned to this node
[2017-04-07T15:32:44,812][INFO ][o.e.c.r.a.DiskThresholdMonitor] [ESNode] low disk watermark [85%] exceeded on [XLsE7TGkTGaQGDHUHQK5Og][ESNode][C:\eduair\elasticsearch\data\nodes\0] free: 10.5gb[13.1%], replicas will not be assigned to this node
[2017-04-07T15:33:14,811][INFO ][o.e.c.r.a.DiskThresholdMonitor] [ESNode] low disk watermark [85%] exceeded on [XLsE7TGkTGaQGDHUHQK5Og][ESNode][C:\eduair\elasticsearch\data\nodes\0] free: 10.5gb[13.1%], replicas will not be assigned to this node
[2017-04-07T15:33:44,813][INFO ][o.e.c.r.a.DiskThresholdMonitor] [ESNode] low disk watermark [85%] exceeded on [XLsE7TGkTGaQGDHUHQK5Og][ESNode][C:\eduair\elasticsearch\data\nodes\0] free: 10.5gb[13.1%], replicas will not be assigned to this node
[2017-04-07T15:34:14,811][INFO ][o.e.c.r.a.DiskThresholdMonitor] [ESNode] low disk watermark [85%] exceeded on [XLsE7TGkTGaQGDHUHQK5Og][ESNode][C:\eduair\elasticsearch\data\nodes\0] free: 10.5gb[13.1%], replicas will not be assigned to this node
[2017-04-07T15:34:44,810][INFO ][o.e.c.r.a.DiskThresholdMonitor] [ESNode] low disk watermark [85%] exceeded on [XLsE7TGkTGaQGDHUHQK5Og][ESNode][C:\eduair\elasticsearch\data\nodes\0] free: 10.5gb[13.1%], replicas will not be assigned to this node
[2017-04-07T15:35:14,808][INFO ][o.e.c.r.a.DiskThresholdMonitor] [ESNode] low disk watermark [85%] exceeded on [XLsE7TGkTGaQGDHUHQK5Og][ESNode][C:\eduair\elasticsearch\data\nodes\0] free: 10.5gb[13.1%], replicas will not be assigned to this node
[2017-04-07T15:35:44,808][INFO ][o.e.c.r.a.DiskThresholdMonitor] [ESNode] low disk watermark [85%] exceeded on [XLsE7TGkTGaQGDHUHQK5Og][ESNode][C:\eduair\elasticsearch\data\nodes\0] free: 10.5gb[13.1%], replicas will not be assigned to this node
[2017-04-07T15:36:14,818][INFO ][o.e.c.r.a.DiskThresholdMonitor] [ESNode] low disk watermark [85%] exceeded on [XLsE7TGkTGaQGDHUHQK5Og][ESNode][C:\eduair\elasticsearch\data\nodes\0] free: 10.5gb[13.1%], replicas will not be assigned to this node
[2017-04-07T15:36:46,895][INFO ][o.e.c.r.a.DiskThresholdMonitor] [ESNode] low disk watermark [85%] exceeded on [XLsE7TGkTGaQGDHUHQK5Og][ESNode][C:\eduair\elasticsearch\data\nodes\0] free: 10.4gb[13%], replicas will not be assigned to this node
[2017-04-07T15:37:16,390][INFO ][o.e.n.Node               ] [node-1] initializing ...
[2017-04-07T15:37:16,664][ERROR][o.e.b.Bootstrap          ] Exception
java.lang.IllegalStateException: failed to obtain node locks, tried [[C:\eduair\elasticsearch\data\ESCluster]] with lock id [0]; maybe these locations are not writable or multiple nodes were started without increasing [node.max_local_storage_nodes] (was [1])?
	at org.elasticsearch.env.NodeEnvironment.<init>(NodeEnvironment.java:260) ~[elasticsearch-5.3.0.jar:5.3.0]
	at org.elasticsearch.node.Node.<init>(Node.java:258) ~[elasticsearch-5.3.0.jar:5.3.0]
	at org.elasticsearch.node.Node.<init>(Node.java:238) ~[elasticsearch-5.3.0.jar:5.3.0]
	at org.elasticsearch.bootstrap.Bootstrap$6.<init>(Bootstrap.java:242) ~[elasticsearch-5.3.0.jar:5.3.0]
	at org.elasticsearch.bootstrap.Bootstrap.setup(Bootstrap.java:242) ~[elasticsearch-5.3.0.jar:5.3.0]
	at org.elasticsearch.bootstrap.Bootstrap.init(Bootstrap.java:360) [elasticsearch-5.3.0.jar:5.3.0]
	at org.elasticsearch.bootstrap.Elasticsearch.init(Elasticsearch.java:123) [elasticsearch-5.3.0.jar:5.3.0]
	at org.elasticsearch.bootstrap.Elasticsearch.execute(Elasticsearch.java:114) [elasticsearch-5.3.0.jar:5.3.0]
	at org.elasticsearch.cli.EnvironmentAwareCommand.execute(EnvironmentAwareCommand.java:58) [elasticsearch-5.3.0.jar:5.3.0]
	at org.elasticsearch.cli.Command.mainWithoutErrorHandling(Command.java:122) [elasticsearch-5.3.0.jar:5.3.0]
	at org.elasticsearch.cli.Command.main(Command.java:88) [elasticsearch-5.3.0.jar:5.3.0]
	at org.elasticsearch.bootstrap.Elasticsearch.main(Elasticsearch.java:91) [elasticsearch-5.3.0.jar:5.3.0]
	at org.elasticsearch.bootstrap.Elasticsearch.main(Elasticsearch.java:84) [elasticsearch-5.3.0.jar:5.3.0]
[2017-04-07T15:37:16,731][WARN ][o.e.b.ElasticsearchUncaughtExceptionHandler] [node-1] uncaught exception in thread [main]
org.elasticsearch.bootstrap.StartupException: java.lang.IllegalStateException: failed to obtain node locks, tried [[C:\eduair\elasticsearch\data\ESCluster]] with lock id [0]; maybe these locations are not writable or multiple nodes were started without increasing [node.max_local_storage_nodes] (was [1])?
	at org.elasticsearch.bootstrap.Elasticsearch.init(Elasticsearch.java:127) ~[elasticsearch-5.3.0.jar:5.3.0]
	at org.elasticsearch.bootstrap.Elasticsearch.execute(Elasticsearch.java:114) ~[elasticsearch-5.3.0.jar:5.3.0]
	at org.elasticsearch.cli.EnvironmentAwareCommand.execute(EnvironmentAwareCommand.java:58) ~[elasticsearch-5.3.0.jar:5.3.0]
	at org.elasticsearch.cli.Command.mainWithoutErrorHandling(Command.java:122) ~[elasticsearch-5.3.0.jar:5.3.0]
	at org.elasticsearch.cli.Command.main(Command.java:88) ~[elasticsearch-5.3.0.jar:5.3.0]
	at org.elasticsearch.bootstrap.Elasticsearch.main(Elasticsearch.java:91) ~[elasticsearch-5.3.0.jar:5.3.0]
	at org.elasticsearch.bootstrap.Elasticsearch.main(Elasticsearch.java:84) ~[elasticsearch-5.3.0.jar:5.3.0]
Caused by: java.lang.IllegalStateException: failed to obtain node locks, tried [[C:\eduair\elasticsearch\data\ESCluster]] with lock id [0]; maybe these locations are not writable or multiple nodes were started without increasing [node.max_local_storage_nodes] (was [1])?
	at org.elasticsearch.env.NodeEnvironment.<init>(NodeEnvironment.java:260) ~[elasticsearch-5.3.0.jar:5.3.0]
	at org.elasticsearch.node.Node.<init>(Node.java:258) ~[elasticsearch-5.3.0.jar:5.3.0]
	at org.elasticsearch.node.Node.<init>(Node.java:238) ~[elasticsearch-5.3.0.jar:5.3.0]
	at org.elasticsearch.bootstrap.Bootstrap$6.<init>(Bootstrap.java:242) ~[elasticsearch-5.3.0.jar:5.3.0]
	at org.elasticsearch.bootstrap.Bootstrap.setup(Bootstrap.java:242) ~[elasticsearch-5.3.0.jar:5.3.0]
	at org.elasticsearch.bootstrap.Bootstrap.init(Bootstrap.java:360) ~[elasticsearch-5.3.0.jar:5.3.0]
	at org.elasticsearch.bootstrap.Elasticsearch.init(Elasticsearch.java:123) ~[elasticsearch-5.3.0.jar:5.3.0]
	... 6 more
[2017-04-07T15:37:16,914][INFO ][o.e.c.r.a.DiskThresholdMonitor] [ESNode] low disk watermark [85%] exceeded on [XLsE7TGkTGaQGDHUHQK5Og][ESNode][C:\eduair\elasticsearch\data\nodes\0] free: 10.4gb[13%], replicas will not be assigned to this node
[2017-04-07T15:37:46,922][INFO ][o.e.c.r.a.DiskThresholdMonitor] [ESNode] low disk watermark [85%] exceeded on [XLsE7TGkTGaQGDHUHQK5Og][ESNode][C:\eduair\elasticsearch\data\nodes\0] free: 10.4gb[13%], replicas will not be assigned to this node
[2017-04-07T15:38:16,918][INFO ][o.e.c.r.a.DiskThresholdMonitor] [ESNode] low disk watermark [85%] exceeded on [XLsE7TGkTGaQGDHUHQK5Og][ESNode][C:\eduair\elasticsearch\data\nodes\0] free: 10.4gb[13%], replicas will not be assigned to this node
[2017-04-07T15:38:46,923][INFO ][o.e.c.r.a.DiskThresholdMonitor] [ESNode] low disk watermark [85%] exceeded on [XLsE7TGkTGaQGDHUHQK5Og][ESNode][C:\eduair\elasticsearch\data\nodes\0] free: 10.4gb[13%], replicas will not be assigned to this node
[2017-04-07T15:39:16,926][INFO ][o.e.c.r.a.DiskThresholdMonitor] [ESNode] low disk watermark [85%] exceeded on [XLsE7TGkTGaQGDHUHQK5Og][ESNode][C:\eduair\elasticsearch\data\nodes\0] free: 10.4gb[13%], replicas will not be assigned to this node
[2017-04-07T15:39:46,925][INFO ][o.e.c.r.a.DiskThresholdMonitor] [ESNode] low disk watermark [85%] exceeded on [XLsE7TGkTGaQGDHUHQK5Og][ESNode][C:\eduair\elasticsearch\data\nodes\0] free: 10.4gb[13%], replicas will not be assigned to this node
[2017-04-07T15:40:16,922][INFO ][o.e.c.r.a.DiskThresholdMonitor] [ESNode] low disk watermark [85%] exceeded on [XLsE7TGkTGaQGDHUHQK5Og][ESNode][C:\eduair\elasticsearch\data\nodes\0] free: 10.4gb[13%], replicas will not be assigned to this node
[2017-04-07T15:40:46,923][INFO ][o.e.c.r.a.DiskThresholdMonitor] [ESNode] low disk watermark [85%] exceeded on [XLsE7TGkTGaQGDHUHQK5Og][ESNode][C:\eduair\elasticsearch\data\nodes\0] free: 10.4gb[13%], replicas will not be assigned to this node
[2017-04-07T15:41:16,926][INFO ][o.e.c.r.a.DiskThresholdMonitor] [ESNode] low disk watermark [85%] exceeded on [XLsE7TGkTGaQGDHUHQK5Og][ESNode][C:\eduair\elasticsearch\data\nodes\0] free: 10.4gb[13%], replicas will not be assigned to this node
[2017-04-07T15:41:47,411][INFO ][o.e.c.r.a.DiskThresholdMonitor] [ESNode] low disk watermark [85%] exceeded on [XLsE7TGkTGaQGDHUHQK5Og][ESNode][C:\eduair\elasticsearch\data\nodes\0] free: 9.5gb[11.8%], replicas will not be assigned to this node
[2017-04-07T15:42:17,562][INFO ][o.e.c.r.a.DiskThresholdMonitor] [ESNode] low disk watermark [85%] exceeded on [XLsE7TGkTGaQGDHUHQK5Og][ESNode][C:\eduair\elasticsearch\data\nodes\0] free: 9.5gb[11.8%], replicas will not be assigned to this node
[2017-04-07T15:42:47,562][INFO ][o.e.c.r.a.DiskThresholdMonitor] [ESNode] low disk watermark [85%] exceeded on [XLsE7TGkTGaQGDHUHQK5Og][ESNode][C:\eduair\elasticsearch\data\nodes\0] free: 9.5gb[11.8%], replicas will not be assigned to this node
[2017-04-07T15:43:17,562][INFO ][o.e.c.r.a.DiskThresholdMonitor] [ESNode] low disk watermark [85%] exceeded on [XLsE7TGkTGaQGDHUHQK5Og][ESNode][C:\eduair\elasticsearch\data\nodes\0] free: 9.5gb[11.8%], replicas will not be assigned to this node
[2017-04-07T15:43:47,560][INFO ][o.e.c.r.a.DiskThresholdMonitor] [ESNode] low disk watermark [85%] exceeded on [XLsE7TGkTGaQGDHUHQK5Og][ESNode][C:\eduair\elasticsearch\data\nodes\0] free: 9.5gb[11.8%], replicas will not be assigned to this node
[2017-04-07T15:44:20,299][INFO ][o.e.c.r.a.DiskThresholdMonitor] [ESNode] low disk watermark [85%] exceeded on [XLsE7TGkTGaQGDHUHQK5Og][ESNode][C:\eduair\elasticsearch\data\nodes\0] free: 9.9gb[12.3%], replicas will not be assigned to this node
[2017-04-07T15:44:50,303][INFO ][o.e.c.r.a.DiskThresholdMonitor] [ESNode] low disk watermark [85%] exceeded on [XLsE7TGkTGaQGDHUHQK5Og][ESNode][C:\eduair\elasticsearch\data\nodes\0] free: 9.9gb[12.3%], replicas will not be assigned to this node
[2017-04-07T15:45:20,302][INFO ][o.e.c.r.a.DiskThresholdMonitor] [ESNode] low disk watermark [85%] exceeded on [XLsE7TGkTGaQGDHUHQK5Og][ESNode][C:\eduair\elasticsearch\data\nodes\0] free: 9.9gb[12.3%], replicas will not be assigned to this node
[2017-04-07T15:45:50,305][INFO ][o.e.c.r.a.DiskThresholdMonitor] [ESNode] low disk watermark [85%] exceeded on [XLsE7TGkTGaQGDHUHQK5Og][ESNode][C:\eduair\elasticsearch\data\nodes\0] free: 9.9gb[12.3%], replicas will not be assigned to this node
[2017-04-07T15:46:20,304][INFO ][o.e.c.r.a.DiskThresholdMonitor] [ESNode] low disk watermark [85%] exceeded on [XLsE7TGkTGaQGDHUHQK5Og][ESNode][C:\eduair\elasticsearch\data\nodes\0] free: 9.9gb[12.3%], replicas will not be assigned to this node
[2017-04-07T15:46:50,301][INFO ][o.e.c.r.a.DiskThresholdMonitor] [ESNode] low disk watermark [85%] exceeded on [XLsE7TGkTGaQGDHUHQK5Og][ESNode][C:\eduair\elasticsearch\data\nodes\0] free: 9.9gb[12.3%], replicas will not be assigned to this node
[2017-04-07T15:47:20,297][INFO ][o.e.c.r.a.DiskThresholdMonitor] [ESNode] low disk watermark [85%] exceeded on [XLsE7TGkTGaQGDHUHQK5Og][ESNode][C:\eduair\elasticsearch\data\nodes\0] free: 9.9gb[12.3%], replicas will not be assigned to this node
[2017-04-07T15:47:51,468][INFO ][o.e.c.r.a.DiskThresholdMonitor] [ESNode] low disk watermark [85%] exceeded on [XLsE7TGkTGaQGDHUHQK5Og][ESNode][C:\eduair\elasticsearch\data\nodes\0] free: 9.9gb[12.3%], replicas will not be assigned to this node
[2017-04-07T15:48:21,469][INFO ][o.e.c.r.a.DiskThresholdMonitor] [ESNode] low disk watermark [85%] exceeded on [XLsE7TGkTGaQGDHUHQK5Og][ESNode][C:\eduair\elasticsearch\data\nodes\0] free: 9.9gb[12.3%], replicas will not be assigned to this node
[2017-04-07T15:48:51,529][INFO ][o.e.c.r.a.DiskThresholdMonitor] [ESNode] low disk watermark [85%] exceeded on [XLsE7TGkTGaQGDHUHQK5Og][ESNode][C:\eduair\elasticsearch\data\nodes\0] free: 9.9gb[12.3%], replicas will not be assigned to this node
[2017-04-07T15:49:22,230][INFO ][o.e.c.r.a.DiskThresholdMonitor] [ESNode] low disk watermark [85%] exceeded on [XLsE7TGkTGaQGDHUHQK5Og][ESNode][C:\eduair\elasticsearch\data\nodes\0] free: 9.9gb[12.3%], replicas will not be assigned to this node
[2017-04-07T15:49:52,231][INFO ][o.e.c.r.a.DiskThresholdMonitor] [ESNode] low disk watermark [85%] exceeded on [XLsE7TGkTGaQGDHUHQK5Og][ESNode][C:\eduair\elasticsearch\data\nodes\0] free: 9.9gb[12.3%], replicas will not be assigned to this node
[2017-04-07T15:50:22,234][INFO ][o.e.c.r.a.DiskThresholdMonitor] [ESNode] low disk watermark [85%] exceeded on [XLsE7TGkTGaQGDHUHQK5Og][ESNode][C:\eduair\elasticsearch\data\nodes\0] free: 9.9gb[12.3%], replicas will not be assigned to this node
[2017-04-07T15:50:52,360][INFO ][o.e.c.r.a.DiskThresholdMonitor] [ESNode] low disk watermark [85%] exceeded on [XLsE7TGkTGaQGDHUHQK5Og][ESNode][C:\eduair\elasticsearch\data\nodes\0] free: 9.9gb[12.3%], replicas will not be assigned to this node
